#
# There is insufficient memory for the Java Runtime Environment to continue.
# Native memory allocation (malloc) failed to allocate 2169296 bytes. Error detail: Chunk::new
# Possible reasons:
#   The system is out of physical RAM or swap space
#   This process is running with CompressedOops enabled, and the Java Heap may be blocking the growth of the native heap
# Possible solutions:
#   Reduce memory load on the system
#   Increase physical memory or swap space
#   Check if swap backing store is full
#   Decrease Java heap size (-Xmx/-Xms)
#   Decrease number of Java threads
#   Decrease Java thread stack sizes (-Xss)
#   Set larger code cache with -XX:ReservedCodeCacheSize=
#   JVM is running with Unscaled Compressed Oops mode in which the Java heap is
#     placed in the first 4GB address space. The Java Heap base address is the
#     maximum limit for the native heap growth. Please use -XX:HeapBaseMinAddress
#     to set the Java Heap base and to place the Java Heap above 4GB virtual address.
# This output file may be truncated or incomplete.
#
#  Out of Memory Error (arena.cpp:191), pid=7808, tid=9148
#
# JRE version: OpenJDK Runtime Environment Microsoft-10800295 (17.0.14+7) (build 17.0.14+7-LTS)
# Java VM: OpenJDK 64-Bit Server VM Microsoft-10800295 (17.0.14+7-LTS, mixed mode, sharing, tiered, compressed oops, compressed class ptrs, g1 gc, windows-amd64)
# No core dump will be written. Minidumps are not enabled by default on client versions of Windows
#

---------------  S U M M A R Y ------------

Command Line: --add-opens=java.base/java.lang=ALL-UNNAMED --add-opens=java.base/java.lang.invoke=ALL-UNNAMED --add-opens=java.base/java.util=ALL-UNNAMED --add-opens=java.prefs/java.util.prefs=ALL-UNNAMED --add-exports=jdk.compiler/com.sun.tools.javac.api=ALL-UNNAMED --add-exports=jdk.compiler/com.sun.tools.javac.util=ALL-UNNAMED --add-opens=java.base/java.util=ALL-UNNAMED --add-opens=java.prefs/java.util.prefs=ALL-UNNAMED --add-opens=java.base/java.nio.charset=ALL-UNNAMED --add-opens=java.base/java.net=ALL-UNNAMED --add-opens=java.base/java.util.concurrent.atomic=ALL-UNNAMED --add-opens=java.xml/javax.xml.namespace=ALL-UNNAMED -XX:MaxMetaspaceSize=512m -Xmx2048m -Dfile.encoding=windows-1252 -Duser.country=IN -Duser.language=en -Duser.variant -javaagent:C:\Users\arjun\.gradle\wrapper\dists\gradle-8.12-all\ejduaidbjup3bmmkhw3rie4zb\gradle-8.12\lib\agents\gradle-instrumentation-agent-8.12.jar org.gradle.launcher.daemon.bootstrap.GradleDaemon 8.12

Host: Intel(R) Core(TM) i5-10300H CPU @ 2.50GHz, 8 cores, 7G,  Windows 11 , 64 bit Build 22621 (10.0.22621.4391)
Time: Mon Feb 24 04:13:50 2025 India Standard Time elapsed time: 11.058169 seconds (0d 0h 0m 11s)

---------------  T H R E A D  ---------------

Current thread (0x00000157dc6031b0):  JavaThread "C2 CompilerThread0" daemon [_thread_in_native, id=9148, stack(0x0000003e3eb00000,0x0000003e3ec00000)]


Current CompileTask:
C2:  11058 8071       4       org.gradle.internal.instantiation.generator.AbstractClassGenerator::inspectType (560 bytes)

Stack: [0x0000003e3eb00000,0x0000003e3ec00000]
Native frames: (J=compiled Java code, j=interpreted, Vv=VM code, C=native code)
V  [jvm.dll+0x6886b9]
V  [jvm.dll+0x83f6f8]
V  [jvm.dll+0x8411a3]
V  [jvm.dll+0x841813]
V  [jvm.dll+0x2495cf]
V  [jvm.dll+0xad0d4]
V  [jvm.dll+0xad76c]
V  [jvm.dll+0x36adbf]
V  [jvm.dll+0x335403]
V  [jvm.dll+0x33489a]
V  [jvm.dll+0x21a7e8]
V  [jvm.dll+0x219c1f]
V  [jvm.dll+0x1a5596]
V  [jvm.dll+0x22a27a]
V  [jvm.dll+0x2283bb]
V  [jvm.dll+0x7f4f48]
V  [jvm.dll+0x7ef2ac]
V  [jvm.dll+0x687597]
C  [ucrtbase.dll+0x29333]
C  [KERNEL32.DLL+0x1259d]
C  [ntdll.dll+0x5af38]


---------------  P R O C E S S  ---------------

Threads class SMR info:
_java_thread_list=0x0000015781491cd0, length=65, elements={
0x00000157be16f480, 0x00000157dc5e3e10, 0x00000157dc5e4c90, 0x00000157dc5fae90,
0x00000157dc5fca60, 0x00000157dc5ff430, 0x00000157dc5ffdf0, 0x00000157dc6031b0,
0x00000157dc60e9c0, 0x00000157dc60f3c0, 0x00000157dc5d12d0, 0x00000157dc7baaf0,
0x00000157fdef9020, 0x00000157fde0e7d0, 0x00000157fd4b0570, 0x00000157fd55f360,
0x00000157fd481e10, 0x00000157fd0f1e40, 0x00000157fd0f0f10, 0x00000157fd0f2860,
0x00000157fd0f1420, 0x00000157fd0f2350, 0x00000157fd0f2d70, 0x00000157fd0f04f0,
0x00000157fd0f0a00, 0x00000157ff1f4e20, 0x00000157ff1f5d50, 0x00000157ff1f39e0,
0x00000157ff1f8ae0, 0x00000157ff1f6260, 0x00000157ff1f4910, 0x00000157ff1f7190,
0x00000157ff1f5840, 0x00000157ff1f76a0, 0x00000157ff1f6770, 0x00000157ff1f6c80,
0x00000157ff1f7bb0, 0x00000157ff1f34d0, 0x00000157ff1f80c0, 0x00000157ff1f85d0,
0x00000157ff1f8ff0, 0x00000157ff1fa430, 0x00000157ff1fa940, 0x00000157ff1f3ef0,
0x0000015780cca860, 0x0000015780ccb790, 0x0000015780cc9930, 0x0000015780ccbca0,
0x0000015780ccc6c0, 0x0000015780cc9e40, 0x0000015780ccb280, 0x0000015780ccc1b0,
0x0000015780cc9420, 0x0000015780cca350, 0x0000015780cc8f10, 0x0000015780ccad70,
0x0000015780466f70, 0x000001578046ac30, 0x000001578046a210, 0x00000157804688c0,
0x00000157804692e0, 0x0000015780467990, 0x00000157804683b0, 0x0000015780467480,
0x0000015781108be0
}

Java Threads: ( => current thread )
  0x00000157be16f480 JavaThread "main" [_thread_blocked, id=12880, stack(0x0000003e3de00000,0x0000003e3df00000)]
  0x00000157dc5e3e10 JavaThread "Reference Handler" daemon [_thread_blocked, id=10368, stack(0x0000003e3e500000,0x0000003e3e600000)]
  0x00000157dc5e4c90 JavaThread "Finalizer" daemon [_thread_blocked, id=1204, stack(0x0000003e3e600000,0x0000003e3e700000)]
  0x00000157dc5fae90 JavaThread "Signal Dispatcher" daemon [_thread_blocked, id=13656, stack(0x0000003e3e700000,0x0000003e3e800000)]
  0x00000157dc5fca60 JavaThread "Attach Listener" daemon [_thread_blocked, id=13428, stack(0x0000003e3e800000,0x0000003e3e900000)]
  0x00000157dc5ff430 JavaThread "Service Thread" daemon [_thread_blocked, id=11288, stack(0x0000003e3e900000,0x0000003e3ea00000)]
  0x00000157dc5ffdf0 JavaThread "Monitor Deflation Thread" daemon [_thread_blocked, id=12612, stack(0x0000003e3ea00000,0x0000003e3eb00000)]
=>0x00000157dc6031b0 JavaThread "C2 CompilerThread0" daemon [_thread_in_native, id=9148, stack(0x0000003e3eb00000,0x0000003e3ec00000)]
  0x00000157dc60e9c0 JavaThread "C1 CompilerThread0" daemon [_thread_blocked, id=568, stack(0x0000003e3ec00000,0x0000003e3ed00000)]
  0x00000157dc60f3c0 JavaThread "Sweeper thread" daemon [_thread_blocked, id=15176, stack(0x0000003e3ed00000,0x0000003e3ee00000)]
  0x00000157dc5d12d0 JavaThread "Common-Cleaner" daemon [_thread_blocked, id=12472, stack(0x0000003e3ee00000,0x0000003e3ef00000)]
  0x00000157dc7baaf0 JavaThread "Notification Thread" daemon [_thread_blocked, id=10600, stack(0x0000003e3ef00000,0x0000003e3f000000)]
  0x00000157fdef9020 JavaThread "Daemon health stats" [_thread_blocked, id=15480, stack(0x0000003e3f600000,0x0000003e3f700000)]
  0x00000157fde0e7d0 JavaThread "Incoming local TCP Connector on port 60151" [_thread_in_native, id=7124, stack(0x0000003e3f700000,0x0000003e3f800000)]
  0x00000157fd4b0570 JavaThread "Daemon periodic checks" [_thread_blocked, id=16984, stack(0x0000003e3f800000,0x0000003e3f900000)]
  0x00000157fd55f360 JavaThread "Daemon" [_thread_blocked, id=12248, stack(0x0000003e3f900000,0x0000003e3fa00000)]
  0x00000157fd481e10 JavaThread "Handler for socket connection from /127.0.0.1:60151 to /127.0.0.1:60152" [_thread_in_native, id=2108, stack(0x0000003e3fa00000,0x0000003e3fb00000)]
  0x00000157fd0f1e40 JavaThread "Cancel handler" [_thread_blocked, id=4328, stack(0x0000003e3fb00000,0x0000003e3fc00000)]
  0x00000157fd0f0f10 JavaThread "Daemon worker" [_thread_in_native, id=14780, stack(0x0000003e3fc00000,0x0000003e3fd00000)]
  0x00000157fd0f2860 JavaThread "Asynchronous log dispatcher for DefaultDaemonConnection: socket connection from /127.0.0.1:60151 to /127.0.0.1:60152" [_thread_blocked, id=4948, stack(0x0000003e3fd00000,0x0000003e3fe00000)]
  0x00000157fd0f1420 JavaThread "Stdin handler" [_thread_blocked, id=16440, stack(0x0000003e3fe00000,0x0000003e3ff00000)]
  0x00000157fd0f2350 JavaThread "Daemon client event forwarder" [_thread_blocked, id=11204, stack(0x0000003e3ff00000,0x0000003e40000000)]
  0x00000157fd0f2d70 JavaThread "Cache worker for journal cache (C:\Users\arjun\.gradle\caches\journal-1)" [_thread_blocked, id=16788, stack(0x0000003e40000000,0x0000003e40100000)]
  0x00000157fd0f04f0 JavaThread "File lock request listener" [_thread_in_native, id=14196, stack(0x0000003e40100000,0x0000003e40200000)]
  0x00000157fd0f0a00 JavaThread "Cache worker for file hash cache (C:\Users\arjun\.gradle\caches\8.12\fileHashes)" [_thread_blocked, id=7828, stack(0x0000003e40200000,0x0000003e40300000)]
  0x00000157ff1f4e20 JavaThread "Cache worker for file hash cache (D:\Shubham\TaskNavigator\android\.gradle\8.12\fileHashes)" [_thread_blocked, id=14200, stack(0x0000003e40600000,0x0000003e40700000)]
  0x00000157ff1f5d50 JavaThread "Cache worker for Build Output Cleanup Cache (D:\Shubham\TaskNavigator\android\.gradle\buildOutputCleanup)" [_thread_blocked, id=15940, stack(0x0000003e40700000,0x0000003e40800000)]
  0x00000157ff1f39e0 JavaThread "File watcher server" daemon [_thread_in_native, id=14548, stack(0x0000003e40900000,0x0000003e40a00000)]
  0x00000157ff1f8ae0 JavaThread "File watcher consumer" daemon [_thread_blocked, id=5192, stack(0x0000003e40a00000,0x0000003e40b00000)]
  0x00000157ff1f6260 JavaThread "jar transforms" [_thread_blocked, id=7892, stack(0x0000003e40b00000,0x0000003e40c00000)]
  0x00000157ff1f4910 JavaThread "Cache worker for checksums cache (D:\Shubham\TaskNavigator\android\.gradle\8.12\checksums)" [_thread_blocked, id=14640, stack(0x0000003e40c00000,0x0000003e40d00000)]
  0x00000157ff1f7190 JavaThread "Cache worker for file content cache (C:\Users\arjun\.gradle\caches\8.12\fileContent)" [_thread_blocked, id=11416, stack(0x0000003e40d00000,0x0000003e40e00000)]
  0x00000157ff1f5840 JavaThread "Cache worker for cache directory md-rule (C:\Users\arjun\.gradle\caches\8.12\md-rule)" [_thread_blocked, id=15728, stack(0x0000003e40e00000,0x0000003e40f00000)]
  0x00000157ff1f76a0 JavaThread "Cache worker for cache directory md-supplier (C:\Users\arjun\.gradle\caches\8.12\md-supplier)" [_thread_blocked, id=5268, stack(0x0000003e40f00000,0x0000003e41000000)]
  0x00000157ff1f6770 JavaThread "Cache worker for Build Output Cleanup Cache (D:\Shubham\TaskNavigator\node_modules\@react-native\gradle-plugin\.gradle\buildOutputCleanup)" [_thread_blocked, id=11276, stack(0x0000003e41000000,0x0000003e41100000)]
  0x00000157ff1f6c80 JavaThread "Unconstrained build operations" [_thread_blocked, id=2308, stack(0x0000003e41100000,0x0000003e41200000)]
  0x00000157ff1f7bb0 JavaThread "Unconstrained build operations Thread 2" [_thread_blocked, id=14788, stack(0x0000003e41200000,0x0000003e41300000)]
  0x00000157ff1f34d0 JavaThread "Unconstrained build operations Thread 3" [_thread_blocked, id=13900, stack(0x0000003e41300000,0x0000003e41400000)]
  0x00000157ff1f80c0 JavaThread "Unconstrained build operations Thread 4" [_thread_blocked, id=4996, stack(0x0000003e41400000,0x0000003e41500000)]
  0x00000157ff1f85d0 JavaThread "Unconstrained build operations Thread 5" [_thread_blocked, id=6764, stack(0x0000003e41500000,0x0000003e41600000)]
  0x00000157ff1f8ff0 JavaThread "Unconstrained build operations Thread 6" [_thread_blocked, id=2644, stack(0x0000003e41600000,0x0000003e41700000)]
  0x00000157ff1fa430 JavaThread "Unconstrained build operations Thread 7" [_thread_blocked, id=15112, stack(0x0000003e41700000,0x0000003e41800000)]
  0x00000157ff1fa940 JavaThread "Unconstrained build operations Thread 8" [_thread_blocked, id=16368, stack(0x0000003e41800000,0x0000003e41900000)]
  0x00000157ff1f3ef0 JavaThread "Unconstrained build operations Thread 9" [_thread_blocked, id=12980, stack(0x0000003e41900000,0x0000003e41a00000)]
  0x0000015780cca860 JavaThread "Unconstrained build operations Thread 10" [_thread_blocked, id=2928, stack(0x0000003e41a00000,0x0000003e41b00000)]
  0x0000015780ccb790 JavaThread "Unconstrained build operations Thread 11" [_thread_blocked, id=9424, stack(0x0000003e41b00000,0x0000003e41c00000)]
  0x0000015780cc9930 JavaThread "Unconstrained build operations Thread 12" [_thread_blocked, id=8880, stack(0x0000003e41c00000,0x0000003e41d00000)]
  0x0000015780ccbca0 JavaThread "Unconstrained build operations Thread 13" [_thread_blocked, id=16844, stack(0x0000003e41d00000,0x0000003e41e00000)]
  0x0000015780ccc6c0 JavaThread "Unconstrained build operations Thread 14" [_thread_blocked, id=12744, stack(0x0000003e41e00000,0x0000003e41f00000)]
  0x0000015780cc9e40 JavaThread "Unconstrained build operations Thread 15" [_thread_blocked, id=15048, stack(0x0000003e41f00000,0x0000003e42000000)]
  0x0000015780ccb280 JavaThread "Unconstrained build operations Thread 16" [_thread_blocked, id=1716, stack(0x0000003e42000000,0x0000003e42100000)]
  0x0000015780ccc1b0 JavaThread "Unconstrained build operations Thread 17" [_thread_blocked, id=10360, stack(0x0000003e42100000,0x0000003e42200000)]
  0x0000015780cc9420 JavaThread "Unconstrained build operations Thread 18" [_thread_blocked, id=15996, stack(0x0000003e42200000,0x0000003e42300000)]
  0x0000015780cca350 JavaThread "Unconstrained build operations Thread 19" [_thread_blocked, id=13132, stack(0x0000003e42300000,0x0000003e42400000)]
  0x0000015780cc8f10 JavaThread "Unconstrained build operations Thread 20" [_thread_blocked, id=14928, stack(0x0000003e42400000,0x0000003e42500000)]
  0x0000015780ccad70 JavaThread "Unconstrained build operations Thread 21" [_thread_blocked, id=16884, stack(0x0000003e42500000,0x0000003e42600000)]
  0x0000015780466f70 JavaThread "Unconstrained build operations Thread 22" [_thread_blocked, id=16072, stack(0x0000003e42600000,0x0000003e42700000)]
  0x000001578046ac30 JavaThread "Unconstrained build operations Thread 23" [_thread_blocked, id=10812, stack(0x0000003e42700000,0x0000003e42800000)]
  0x000001578046a210 JavaThread "Unconstrained build operations Thread 24" [_thread_blocked, id=11324, stack(0x0000003e42800000,0x0000003e42900000)]
  0x00000157804688c0 JavaThread "Unconstrained build operations Thread 25" [_thread_blocked, id=6248, stack(0x0000003e42900000,0x0000003e42a00000)]
  0x00000157804692e0 JavaThread "Unconstrained build operations Thread 26" [_thread_blocked, id=9512, stack(0x0000003e42a00000,0x0000003e42b00000)]
  0x0000015780467990 JavaThread "Unconstrained build operations Thread 27" [_thread_blocked, id=12864, stack(0x0000003e42b00000,0x0000003e42c00000)]
  0x00000157804683b0 JavaThread "build event listener" [_thread_blocked, id=8120, stack(0x0000003e42c00000,0x0000003e42d00000)]
  0x0000015780467480 JavaThread "Memory manager" [_thread_blocked, id=13104, stack(0x0000003e3f100000,0x0000003e3f200000)]
  0x0000015781108be0 JavaThread "C2 CompilerThread1" daemon [_thread_in_native, id=3700, stack(0x0000003e42d00000,0x0000003e42e00000)]

Other Threads:
  0x00000157dc5df770 VMThread "VM Thread" [stack: 0x0000003e3e400000,0x0000003e3e500000] [id=10496]
  0x00000157dc7bafd0 WatcherThread [stack: 0x0000003e3f000000,0x0000003e3f100000] [id=3524]
  0x00000157be1c9000 GCTaskThread "GC Thread#0" [stack: 0x0000003e3df00000,0x0000003e3e000000] [id=11888]
  0x00000157dc9ac4f0 GCTaskThread "GC Thread#1" [stack: 0x0000003e3f200000,0x0000003e3f300000] [id=10984]
  0x00000157dc8daba0 GCTaskThread "GC Thread#2" [stack: 0x0000003e3f300000,0x0000003e3f400000] [id=2468]
  0x00000157fd72ff80 GCTaskThread "GC Thread#3" [stack: 0x0000003e3f400000,0x0000003e3f500000] [id=6468]
  0x00000157fd42fc40 GCTaskThread "GC Thread#4" [stack: 0x0000003e3f500000,0x0000003e3f600000] [id=11936]
  0x00000157fe121db0 GCTaskThread "GC Thread#5" [stack: 0x0000003e40300000,0x0000003e40400000] [id=7264]
  0x00000157ff217fb0 GCTaskThread "GC Thread#6" [stack: 0x0000003e40400000,0x0000003e40500000] [id=14008]
  0x00000157fc4e4430 GCTaskThread "GC Thread#7" [stack: 0x0000003e40500000,0x0000003e40600000] [id=11396]
  0x00000157be1d9f50 ConcurrentGCThread "G1 Main Marker" [stack: 0x0000003e3e000000,0x0000003e3e100000] [id=2052]
  0x00000157be1dc120 ConcurrentGCThread "G1 Conc#0" [stack: 0x0000003e3e100000,0x0000003e3e200000] [id=3828]
  0x00000157ff24a760 ConcurrentGCThread "G1 Conc#1" [stack: 0x0000003e40800000,0x0000003e40900000] [id=15348]
  0x00000157dc498100 ConcurrentGCThread "G1 Refine#0" [stack: 0x0000003e3e200000,0x0000003e3e300000] [id=11856]
  0x00000157dc498b30 ConcurrentGCThread "G1 Service" [stack: 0x0000003e3e300000,0x0000003e3e400000] [id=6056]

Threads with active compile tasks:
C2 CompilerThread0    11091 8071       4       org.gradle.internal.instantiation.generator.AbstractClassGenerator::inspectType (560 bytes)
C1 CompilerThread0    11091 8300       3       org.objectweb.asm.SymbolTable::putBootstrapMethods (56 bytes)
C2 CompilerThread1    11091 8260       4       org.gradle.internal.reflect.ClassInspector::inspectClass (179 bytes)

VM state: not at safepoint (normal execution)

VM Mutex/Monitor currently owned by a thread: None

Heap address: 0x0000000080000000, size: 2048 MB, Compressed Oops mode: 32-bit

CDS archive(s) mapped at: [0x00000157dd000000-0x00000157ddbb0000-0x00000157ddbb0000), size 12255232, SharedBaseAddress: 0x00000157dd000000, ArchiveRelocationMode: 1.
Compressed class space mapped at: 0x00000157de000000-0x00000157f8000000, reserved size: 436207616
Narrow klass base: 0x00000157dd000000, Narrow klass shift: 0, Narrow klass range: 0x100000000

GC Precious Log:
 CPUs: 8 total, 8 available
 Memory: 7979M
 Large Page Support: Disabled
 NUMA Support: Disabled
 Compressed Oops: Enabled (32-bit)
 Heap Region Size: 1M
 Heap Min Capacity: 8M
 Heap Initial Capacity: 126M
 Heap Max Capacity: 2G
 Pre-touch: Disabled
 Parallel Workers: 8
 Concurrent Workers: 2
 Concurrent Refinement Workers: 8
 Periodic GC: Disabled

Heap:
 garbage-first heap   total 176128K, used 68091K [0x0000000080000000, 0x0000000100000000)
  region size 1024K, 11 young (11264K), 9 survivors (9216K)
 Metaspace       used 67298K, committed 68096K, reserved 491520K
  class space    used 9551K, committed 9984K, reserved 425984K

Heap Regions: E=young(eden), S=young(survivor), O=old, HS=humongous(starts), HC=humongous(continues), CS=collection set, F=free, OA=open archive, CA=closed archive, TAMS=top-at-mark-start (previous, next)
|   0|0x0000000080000000, 0x0000000080100000, 0x0000000080100000|100%| O|  |TAMS 0x0000000080100000, 0x0000000080000000| Untracked 
|   1|0x0000000080100000, 0x0000000080200000, 0x0000000080200000|100%|HS|  |TAMS 0x0000000080200000, 0x0000000080100000| Complete 
|   2|0x0000000080200000, 0x0000000080300000, 0x0000000080300000|100%|HC|  |TAMS 0x0000000080300000, 0x0000000080200000| Complete 
|   3|0x0000000080300000, 0x0000000080400000, 0x0000000080400000|100%|HC|  |TAMS 0x0000000080400000, 0x0000000080300000| Complete 
|   4|0x0000000080400000, 0x0000000080500000, 0x0000000080500000|100%| O|  |TAMS 0x0000000080500000, 0x0000000080400000| Untracked 
|   5|0x0000000080500000, 0x0000000080600000, 0x0000000080600000|100%| O|  |TAMS 0x0000000080600000, 0x0000000080500000| Untracked 
|   6|0x0000000080600000, 0x0000000080700000, 0x0000000080700000|100%| O|  |TAMS 0x0000000080700000, 0x0000000080600000| Untracked 
|   7|0x0000000080700000, 0x0000000080800000, 0x0000000080800000|100%|HS|  |TAMS 0x0000000080800000, 0x0000000080700000| Complete 
|   8|0x0000000080800000, 0x0000000080900000, 0x0000000080900000|100%| O|  |TAMS 0x0000000080900000, 0x0000000080800000| Untracked 
|   9|0x0000000080900000, 0x0000000080a00000, 0x0000000080a00000|100%| O|  |TAMS 0x0000000080a00000, 0x0000000080900000| Untracked 
|  10|0x0000000080a00000, 0x0000000080b00000, 0x0000000080b00000|100%| O|  |TAMS 0x0000000080b00000, 0x0000000080a00000| Untracked 
|  11|0x0000000080b00000, 0x0000000080c00000, 0x0000000080c00000|100%| O|  |TAMS 0x0000000080c00000, 0x0000000080b00000| Untracked 
|  12|0x0000000080c00000, 0x0000000080d00000, 0x0000000080d00000|100%| O|  |TAMS 0x0000000080d00000, 0x0000000080c00000| Untracked 
|  13|0x0000000080d00000, 0x0000000080e00000, 0x0000000080e00000|100%| O|  |TAMS 0x0000000080e00000, 0x0000000080d00000| Untracked 
|  14|0x0000000080e00000, 0x0000000080f00000, 0x0000000080f00000|100%| O|  |TAMS 0x0000000080f00000, 0x0000000080e00000| Untracked 
|  15|0x0000000080f00000, 0x0000000081000000, 0x0000000081000000|100%| O|  |TAMS 0x0000000081000000, 0x0000000080f00000| Untracked 
|  16|0x0000000081000000, 0x0000000081100000, 0x0000000081100000|100%| O|  |TAMS 0x0000000081100000, 0x0000000081000000| Untracked 
|  17|0x0000000081100000, 0x0000000081200000, 0x0000000081200000|100%| O|  |TAMS 0x0000000081200000, 0x0000000081100000| Untracked 
|  18|0x0000000081200000, 0x0000000081300000, 0x0000000081300000|100%| O|  |TAMS 0x0000000081300000, 0x0000000081200000| Untracked 
|  19|0x0000000081300000, 0x0000000081400000, 0x0000000081400000|100%| O|  |TAMS 0x0000000081400000, 0x0000000081300000| Untracked 
|  20|0x0000000081400000, 0x0000000081500000, 0x0000000081500000|100%| O|  |TAMS 0x0000000081500000, 0x0000000081400000| Untracked 
|  21|0x0000000081500000, 0x00000000815dd400, 0x0000000081600000| 86%| O|  |TAMS 0x00000000815dd400, 0x0000000081500000| Untracked 
|  22|0x0000000081600000, 0x0000000081700000, 0x0000000081700000|100%| O|  |TAMS 0x0000000081700000, 0x0000000081600000| Untracked 
|  23|0x0000000081700000, 0x0000000081800000, 0x0000000081800000|100%| O|  |TAMS 0x0000000081800000, 0x0000000081700000| Untracked 
|  24|0x0000000081800000, 0x0000000081900000, 0x0000000081900000|100%| O|  |TAMS 0x0000000081900000, 0x0000000081800000| Untracked 
|  25|0x0000000081900000, 0x0000000081a00000, 0x0000000081a00000|100%| O|  |TAMS 0x0000000081a00000, 0x0000000081900000| Untracked 
|  26|0x0000000081a00000, 0x0000000081b00000, 0x0000000081b00000|100%| O|  |TAMS 0x0000000081b00000, 0x0000000081a00000| Untracked 
|  27|0x0000000081b00000, 0x0000000081c00000, 0x0000000081c00000|100%| O|  |TAMS 0x0000000081c00000, 0x0000000081b00000| Untracked 
|  28|0x0000000081c00000, 0x0000000081d00000, 0x0000000081d00000|100%| O|  |TAMS 0x0000000081d00000, 0x0000000081c00000| Untracked 
|  29|0x0000000081d00000, 0x0000000081e00000, 0x0000000081e00000|100%| O|  |TAMS 0x0000000081e00000, 0x0000000081d00000| Untracked 
|  30|0x0000000081e00000, 0x0000000081f00000, 0x0000000081f00000|100%| O|  |TAMS 0x0000000081f00000, 0x0000000081e00000| Untracked 
|  31|0x0000000081f00000, 0x0000000081f00000, 0x0000000082000000|  0%| F|  |TAMS 0x0000000081f00000, 0x0000000081f00000| Untracked 
|  32|0x0000000082000000, 0x0000000082100000, 0x0000000082100000|100%| O|  |TAMS 0x0000000082100000, 0x0000000082000000| Untracked 
|  33|0x0000000082100000, 0x0000000082200000, 0x0000000082200000|100%| O|  |TAMS 0x0000000082100000, 0x0000000082100000| Untracked 
|  34|0x0000000082200000, 0x0000000082300000, 0x0000000082300000|100%| O|  |TAMS 0x0000000082300000, 0x0000000082200000| Untracked 
|  35|0x0000000082300000, 0x0000000082400000, 0x0000000082400000|100%| O|  |TAMS 0x0000000082400000, 0x0000000082300000| Untracked 
|  36|0x0000000082400000, 0x0000000082500000, 0x0000000082500000|100%| O|  |TAMS 0x0000000082500000, 0x0000000082400000| Untracked 
|  37|0x0000000082500000, 0x0000000082600000, 0x0000000082600000|100%| O|  |TAMS 0x0000000082600000, 0x0000000082500000| Untracked 
|  38|0x0000000082600000, 0x0000000082700000, 0x0000000082700000|100%| O|  |TAMS 0x0000000082700000, 0x0000000082600000| Untracked 
|  39|0x0000000082700000, 0x0000000082800000, 0x0000000082800000|100%| O|  |TAMS 0x0000000082800000, 0x0000000082700000| Untracked 
|  40|0x0000000082800000, 0x0000000082900000, 0x0000000082900000|100%| O|  |TAMS 0x0000000082900000, 0x0000000082800000| Untracked 
|  41|0x0000000082900000, 0x0000000082a00000, 0x0000000082a00000|100%| O|  |TAMS 0x0000000082a00000, 0x0000000082900000| Untracked 
|  42|0x0000000082a00000, 0x0000000082b00000, 0x0000000082b00000|100%| O|  |TAMS 0x0000000082b00000, 0x0000000082a00000| Untracked 
|  43|0x0000000082b00000, 0x0000000082c00000, 0x0000000082c00000|100%| O|  |TAMS 0x0000000082c00000, 0x0000000082b00000| Untracked 
|  44|0x0000000082c00000, 0x0000000082d00000, 0x0000000082d00000|100%|HS|  |TAMS 0x0000000082d00000, 0x0000000082c00000| Complete 
|  45|0x0000000082d00000, 0x0000000082e00000, 0x0000000082e00000|100%|HC|  |TAMS 0x0000000082e00000, 0x0000000082d00000| Complete 
|  46|0x0000000082e00000, 0x0000000082f00000, 0x0000000082f00000|100%|HS|  |TAMS 0x0000000082f00000, 0x0000000082e00000| Complete 
|  47|0x0000000082f00000, 0x0000000083000000, 0x0000000083000000|100%|HC|  |TAMS 0x0000000083000000, 0x0000000082f00000| Complete 
|  48|0x0000000083000000, 0x0000000083100000, 0x0000000083100000|100%|HC|  |TAMS 0x0000000083100000, 0x0000000083000000| Complete 
|  49|0x0000000083100000, 0x0000000083200000, 0x0000000083200000|100%|HS|  |TAMS 0x0000000083200000, 0x0000000083100000| Complete 
|  50|0x0000000083200000, 0x0000000083300000, 0x0000000083300000|100%|HC|  |TAMS 0x0000000083300000, 0x0000000083200000| Complete 
|  51|0x0000000083300000, 0x0000000083400000, 0x0000000083400000|100%| O|  |TAMS 0x0000000083400000, 0x0000000083300000| Untracked 
|  52|0x0000000083400000, 0x0000000083500000, 0x0000000083500000|100%| O|  |TAMS 0x0000000083500000, 0x0000000083400000| Untracked 
|  53|0x0000000083500000, 0x0000000083600000, 0x0000000083600000|100%| O|  |TAMS 0x0000000083600000, 0x0000000083500000| Untracked 
|  54|0x0000000083600000, 0x0000000083700000, 0x0000000083700000|100%| O|  |TAMS 0x000000008360b400, 0x0000000083600000| Untracked 
|  55|0x0000000083700000, 0x0000000083724600, 0x0000000083800000| 14%| O|  |TAMS 0x0000000083700000, 0x0000000083700000| Untracked 
|  56|0x0000000083800000, 0x0000000083900000, 0x0000000083900000|100%|HS|  |TAMS 0x0000000083800000, 0x0000000083800000| Complete 
|  57|0x0000000083900000, 0x0000000083a00000, 0x0000000083a00000|100%|HC|  |TAMS 0x0000000083900000, 0x0000000083900000| Complete 
|  58|0x0000000083a00000, 0x0000000083b00000, 0x0000000083b00000|100%|HC|  |TAMS 0x0000000083a00000, 0x0000000083a00000| Complete 
|  59|0x0000000083b00000, 0x0000000083b00000, 0x0000000083c00000|  0%| F|  |TAMS 0x0000000083b00000, 0x0000000083b00000| Untracked 
|  60|0x0000000083c00000, 0x0000000083c00000, 0x0000000083d00000|  0%| F|  |TAMS 0x0000000083c00000, 0x0000000083c00000| Untracked 
|  61|0x0000000083d00000, 0x0000000083d00000, 0x0000000083e00000|  0%| F|  |TAMS 0x0000000083d00000, 0x0000000083d00000| Untracked 
|  62|0x0000000083e00000, 0x0000000083e00000, 0x0000000083f00000|  0%| F|  |TAMS 0x0000000083e00000, 0x0000000083e00000| Untracked 
|  63|0x0000000083f00000, 0x0000000083f00000, 0x0000000084000000|  0%| F|  |TAMS 0x0000000083f00000, 0x0000000083f00000| Untracked 
|  64|0x0000000084000000, 0x0000000084000000, 0x0000000084100000|  0%| F|  |TAMS 0x0000000084000000, 0x0000000084000000| Untracked 
|  65|0x0000000084100000, 0x0000000084100000, 0x0000000084200000|  0%| F|  |TAMS 0x0000000084100000, 0x0000000084100000| Untracked 
|  66|0x0000000084200000, 0x0000000084200000, 0x0000000084300000|  0%| F|  |TAMS 0x0000000084200000, 0x0000000084200000| Untracked 
|  67|0x0000000084300000, 0x0000000084300000, 0x0000000084400000|  0%| F|  |TAMS 0x0000000084300000, 0x0000000084300000| Untracked 
|  68|0x0000000084400000, 0x0000000084400000, 0x0000000084500000|  0%| F|  |TAMS 0x0000000084400000, 0x0000000084400000| Untracked 
|  69|0x0000000084500000, 0x0000000084500000, 0x0000000084600000|  0%| F|  |TAMS 0x0000000084500000, 0x0000000084500000| Untracked 
|  70|0x0000000084600000, 0x0000000084600000, 0x0000000084700000|  0%| F|  |TAMS 0x0000000084600000, 0x0000000084600000| Untracked 
|  71|0x0000000084700000, 0x0000000084700000, 0x0000000084800000|  0%| F|  |TAMS 0x0000000084700000, 0x0000000084700000| Untracked 
|  72|0x0000000084800000, 0x0000000084800000, 0x0000000084900000|  0%| F|  |TAMS 0x0000000084800000, 0x0000000084800000| Untracked 
|  73|0x0000000084900000, 0x0000000084900000, 0x0000000084a00000|  0%| F|  |TAMS 0x0000000084900000, 0x0000000084900000| Untracked 
|  74|0x0000000084a00000, 0x0000000084a00000, 0x0000000084b00000|  0%| F|  |TAMS 0x0000000084a00000, 0x0000000084a00000| Untracked 
|  75|0x0000000084b00000, 0x0000000084b00000, 0x0000000084c00000|  0%| F|  |TAMS 0x0000000084b00000, 0x0000000084b00000| Untracked 
|  76|0x0000000084c00000, 0x0000000084c00000, 0x0000000084d00000|  0%| F|  |TAMS 0x0000000084c00000, 0x0000000084c00000| Untracked 
|  77|0x0000000084d00000, 0x0000000084d00000, 0x0000000084e00000|  0%| F|  |TAMS 0x0000000084d00000, 0x0000000084d00000| Untracked 
|  78|0x0000000084e00000, 0x0000000084e00000, 0x0000000084f00000|  0%| F|  |TAMS 0x0000000084e00000, 0x0000000084e00000| Untracked 
|  79|0x0000000084f00000, 0x0000000084f00000, 0x0000000085000000|  0%| F|  |TAMS 0x0000000084f00000, 0x0000000084f00000| Untracked 
|  80|0x0000000085000000, 0x0000000085000000, 0x0000000085100000|  0%| F|  |TAMS 0x0000000085000000, 0x0000000085000000| Untracked 
|  81|0x0000000085100000, 0x0000000085100000, 0x0000000085200000|  0%| F|  |TAMS 0x0000000085100000, 0x0000000085100000| Untracked 
|  82|0x0000000085200000, 0x0000000085200000, 0x0000000085300000|  0%| F|  |TAMS 0x0000000085200000, 0x0000000085200000| Untracked 
|  83|0x0000000085300000, 0x0000000085300000, 0x0000000085400000|  0%| F|  |TAMS 0x0000000085300000, 0x0000000085300000| Untracked 
|  84|0x0000000085400000, 0x0000000085400000, 0x0000000085500000|  0%| F|  |TAMS 0x0000000085400000, 0x0000000085400000| Untracked 
|  85|0x0000000085500000, 0x0000000085500000, 0x0000000085600000|  0%| F|  |TAMS 0x0000000085500000, 0x0000000085500000| Untracked 
|  86|0x0000000085600000, 0x0000000085600000, 0x0000000085700000|  0%| F|  |TAMS 0x0000000085600000, 0x0000000085600000| Untracked 
|  87|0x0000000085700000, 0x0000000085700000, 0x0000000085800000|  0%| F|  |TAMS 0x0000000085700000, 0x0000000085700000| Untracked 
|  88|0x0000000085800000, 0x0000000085800000, 0x0000000085900000|  0%| F|  |TAMS 0x0000000085800000, 0x0000000085800000| Untracked 
|  89|0x0000000085900000, 0x0000000085900000, 0x0000000085a00000|  0%| F|  |TAMS 0x0000000085900000, 0x0000000085900000| Untracked 
|  90|0x0000000085a00000, 0x0000000085a00000, 0x0000000085b00000|  0%| F|  |TAMS 0x0000000085a00000, 0x0000000085a00000| Untracked 
|  91|0x0000000085b00000, 0x0000000085b00000, 0x0000000085c00000|  0%| F|  |TAMS 0x0000000085b00000, 0x0000000085b00000| Untracked 
|  92|0x0000000085c00000, 0x0000000085c00000, 0x0000000085d00000|  0%| F|  |TAMS 0x0000000085c00000, 0x0000000085c00000| Untracked 
|  93|0x0000000085d00000, 0x0000000085d00000, 0x0000000085e00000|  0%| F|  |TAMS 0x0000000085d00000, 0x0000000085d00000| Untracked 
|  94|0x0000000085e00000, 0x0000000085e00000, 0x0000000085f00000|  0%| F|  |TAMS 0x0000000085e00000, 0x0000000085e00000| Untracked 
|  95|0x0000000085f00000, 0x0000000085f7d2a0, 0x0000000086000000| 48%| S|CS|TAMS 0x0000000085f00000, 0x0000000085f00000| Complete 
|  96|0x0000000086000000, 0x0000000086100000, 0x0000000086100000|100%| S|CS|TAMS 0x0000000086000000, 0x0000000086000000| Complete 
|  97|0x0000000086100000, 0x0000000086200000, 0x0000000086200000|100%| S|CS|TAMS 0x0000000086100000, 0x0000000086100000| Complete 
|  98|0x0000000086200000, 0x0000000086300000, 0x0000000086300000|100%| S|CS|TAMS 0x0000000086200000, 0x0000000086200000| Complete 
|  99|0x0000000086300000, 0x0000000086400000, 0x0000000086400000|100%| S|CS|TAMS 0x0000000086300000, 0x0000000086300000| Complete 
| 100|0x0000000086400000, 0x0000000086500000, 0x0000000086500000|100%| S|CS|TAMS 0x0000000086400000, 0x0000000086400000| Complete 
| 101|0x0000000086500000, 0x0000000086600000, 0x0000000086600000|100%| S|CS|TAMS 0x0000000086500000, 0x0000000086500000| Complete 
| 102|0x0000000086600000, 0x0000000086700000, 0x0000000086700000|100%| S|CS|TAMS 0x0000000086600000, 0x0000000086600000| Complete 
| 103|0x0000000086700000, 0x0000000086700000, 0x0000000086800000|  0%| F|  |TAMS 0x0000000086700000, 0x0000000086700000| Untracked 
| 104|0x0000000086800000, 0x0000000086800000, 0x0000000086900000|  0%| F|  |TAMS 0x0000000086800000, 0x0000000086800000| Untracked 
| 105|0x0000000086900000, 0x0000000086900000, 0x0000000086a00000|  0%| F|  |TAMS 0x0000000086900000, 0x0000000086900000| Untracked 
| 106|0x0000000086a00000, 0x0000000086a00000, 0x0000000086b00000|  0%| F|  |TAMS 0x0000000086a00000, 0x0000000086a00000| Untracked 
| 107|0x0000000086b00000, 0x0000000086c00000, 0x0000000086c00000|100%| S|CS|TAMS 0x0000000086b00000, 0x0000000086b00000| Complete 
| 108|0x0000000086c00000, 0x0000000086c00000, 0x0000000086d00000|  0%| F|  |TAMS 0x0000000086c00000, 0x0000000086c00000| Untracked 
| 109|0x0000000086d00000, 0x0000000086d00000, 0x0000000086e00000|  0%| F|  |TAMS 0x0000000086d00000, 0x0000000086d00000| Untracked 
| 110|0x0000000086e00000, 0x0000000086e00000, 0x0000000086f00000|  0%| F|  |TAMS 0x0000000086e00000, 0x0000000086e00000| Untracked 
| 111|0x0000000086f00000, 0x0000000086f00000, 0x0000000087000000|  0%| F|  |TAMS 0x0000000086f00000, 0x0000000086f00000| Untracked 
| 112|0x0000000087000000, 0x0000000087000000, 0x0000000087100000|  0%| F|  |TAMS 0x0000000087000000, 0x0000000087000000| Untracked 
| 113|0x0000000087100000, 0x0000000087100000, 0x0000000087200000|  0%| F|  |TAMS 0x0000000087100000, 0x0000000087100000| Untracked 
| 114|0x0000000087200000, 0x0000000087200000, 0x0000000087300000|  0%| F|  |TAMS 0x0000000087200000, 0x0000000087200000| Untracked 
| 115|0x0000000087300000, 0x0000000087300000, 0x0000000087400000|  0%| F|  |TAMS 0x0000000087300000, 0x0000000087300000| Untracked 
| 116|0x0000000087400000, 0x0000000087400000, 0x0000000087500000|  0%| F|  |TAMS 0x0000000087400000, 0x0000000087400000| Untracked 
| 117|0x0000000087500000, 0x0000000087500000, 0x0000000087600000|  0%| F|  |TAMS 0x0000000087500000, 0x0000000087500000| Untracked 
| 118|0x0000000087600000, 0x0000000087600000, 0x0000000087700000|  0%| F|  |TAMS 0x0000000087600000, 0x0000000087600000| Untracked 
| 119|0x0000000087700000, 0x0000000087700000, 0x0000000087800000|  0%| F|  |TAMS 0x0000000087700000, 0x0000000087700000| Untracked 
| 120|0x0000000087800000, 0x0000000087800000, 0x0000000087900000|  0%| F|  |TAMS 0x0000000087800000, 0x0000000087800000| Untracked 
| 121|0x0000000087900000, 0x0000000087900000, 0x0000000087a00000|  0%| F|  |TAMS 0x0000000087900000, 0x0000000087900000| Untracked 
| 122|0x0000000087a00000, 0x0000000087a00000, 0x0000000087b00000|  0%| F|  |TAMS 0x0000000087a00000, 0x0000000087a00000| Untracked 
| 123|0x0000000087b00000, 0x0000000087b00000, 0x0000000087c00000|  0%| F|  |TAMS 0x0000000087b00000, 0x0000000087b00000| Untracked 
| 124|0x0000000087c00000, 0x0000000087c00000, 0x0000000087d00000|  0%| F|  |TAMS 0x0000000087c00000, 0x0000000087c00000| Untracked 
| 125|0x0000000087d00000, 0x0000000087d00000, 0x0000000087e00000|  0%| F|  |TAMS 0x0000000087d00000, 0x0000000087d00000| Untracked 
| 126|0x0000000087e00000, 0x0000000087e00000, 0x0000000087f00000|  0%| F|  |TAMS 0x0000000087e00000, 0x0000000087e00000| Untracked 
| 127|0x0000000087f00000, 0x0000000087f00000, 0x0000000088000000|  0%| F|  |TAMS 0x0000000087f00000, 0x0000000087f00000| Untracked 
| 128|0x0000000088000000, 0x0000000088000000, 0x0000000088100000|  0%| F|  |TAMS 0x0000000088000000, 0x0000000088000000| Untracked 
| 129|0x0000000088100000, 0x0000000088100000, 0x0000000088200000|  0%| F|  |TAMS 0x0000000088100000, 0x0000000088100000| Untracked 
| 130|0x0000000088200000, 0x0000000088200000, 0x0000000088300000|  0%| F|  |TAMS 0x0000000088200000, 0x0000000088200000| Untracked 
| 131|0x0000000088300000, 0x0000000088300000, 0x0000000088400000|  0%| F|  |TAMS 0x0000000088300000, 0x0000000088300000| Untracked 
| 132|0x0000000088400000, 0x0000000088400000, 0x0000000088500000|  0%| F|  |TAMS 0x0000000088400000, 0x0000000088400000| Untracked 
| 133|0x0000000088500000, 0x0000000088500000, 0x0000000088600000|  0%| F|  |TAMS 0x0000000088500000, 0x0000000088500000| Untracked 
| 134|0x0000000088600000, 0x0000000088600000, 0x0000000088700000|  0%| F|  |TAMS 0x0000000088600000, 0x0000000088600000| Untracked 
| 135|0x0000000088700000, 0x0000000088700000, 0x0000000088800000|  0%| F|  |TAMS 0x0000000088700000, 0x0000000088700000| Untracked 
| 136|0x0000000088800000, 0x0000000088800000, 0x0000000088900000|  0%| F|  |TAMS 0x0000000088800000, 0x0000000088800000| Untracked 
| 137|0x0000000088900000, 0x0000000088900000, 0x0000000088a00000|  0%| F|  |TAMS 0x0000000088900000, 0x0000000088900000| Untracked 
| 138|0x0000000088a00000, 0x0000000088a00000, 0x0000000088b00000|  0%| F|  |TAMS 0x0000000088a00000, 0x0000000088a00000| Untracked 
| 139|0x0000000088b00000, 0x0000000088b00000, 0x0000000088c00000|  0%| F|  |TAMS 0x0000000088b00000, 0x0000000088b00000| Untracked 
| 140|0x0000000088c00000, 0x0000000088c00000, 0x0000000088d00000|  0%| F|  |TAMS 0x0000000088c00000, 0x0000000088c00000| Untracked 
| 141|0x0000000088d00000, 0x0000000088d00000, 0x0000000088e00000|  0%| F|  |TAMS 0x0000000088d00000, 0x0000000088d00000| Untracked 
| 142|0x0000000088e00000, 0x0000000088e00000, 0x0000000088f00000|  0%| F|  |TAMS 0x0000000088e00000, 0x0000000088e00000| Untracked 
| 143|0x0000000088f00000, 0x0000000088f00000, 0x0000000089000000|  0%| F|  |TAMS 0x0000000088f00000, 0x0000000088f00000| Untracked 
| 144|0x0000000089000000, 0x0000000089000000, 0x0000000089100000|  0%| F|  |TAMS 0x0000000089000000, 0x0000000089000000| Untracked 
| 145|0x0000000089100000, 0x0000000089100000, 0x0000000089200000|  0%| F|  |TAMS 0x0000000089100000, 0x0000000089100000| Untracked 
| 146|0x0000000089200000, 0x0000000089200000, 0x0000000089300000|  0%| F|  |TAMS 0x0000000089200000, 0x0000000089200000| Untracked 
| 147|0x0000000089300000, 0x0000000089300000, 0x0000000089400000|  0%| F|  |TAMS 0x0000000089300000, 0x0000000089300000| Untracked 
| 148|0x0000000089400000, 0x0000000089400000, 0x0000000089500000|  0%| F|  |TAMS 0x0000000089400000, 0x0000000089400000| Untracked 
| 149|0x0000000089500000, 0x0000000089500000, 0x0000000089600000|  0%| F|  |TAMS 0x0000000089500000, 0x0000000089500000| Untracked 
| 150|0x0000000089600000, 0x0000000089600000, 0x0000000089700000|  0%| F|  |TAMS 0x0000000089600000, 0x0000000089600000| Untracked 
| 151|0x0000000089700000, 0x0000000089700000, 0x0000000089800000|  0%| F|  |TAMS 0x0000000089700000, 0x0000000089700000| Untracked 
| 152|0x0000000089800000, 0x0000000089800000, 0x0000000089900000|  0%| F|  |TAMS 0x0000000089800000, 0x0000000089800000| Untracked 
| 153|0x0000000089900000, 0x0000000089900000, 0x0000000089a00000|  0%| F|  |TAMS 0x0000000089900000, 0x0000000089900000| Untracked 
| 154|0x0000000089a00000, 0x0000000089a00000, 0x0000000089b00000|  0%| F|  |TAMS 0x0000000089a00000, 0x0000000089a00000| Untracked 
| 155|0x0000000089b00000, 0x0000000089b00000, 0x0000000089c00000|  0%| F|  |TAMS 0x0000000089b00000, 0x0000000089b00000| Untracked 
| 156|0x0000000089c00000, 0x0000000089c00000, 0x0000000089d00000|  0%| F|  |TAMS 0x0000000089c00000, 0x0000000089c00000| Untracked 
| 157|0x0000000089d00000, 0x0000000089d00000, 0x0000000089e00000|  0%| F|  |TAMS 0x0000000089d00000, 0x0000000089d00000| Untracked 
| 158|0x0000000089e00000, 0x0000000089e00000, 0x0000000089f00000|  0%| F|  |TAMS 0x0000000089e00000, 0x0000000089e00000| Untracked 
| 159|0x0000000089f00000, 0x0000000089f00000, 0x000000008a000000|  0%| F|  |TAMS 0x0000000089f00000, 0x0000000089f00000| Untracked 
| 160|0x000000008a000000, 0x000000008a000000, 0x000000008a100000|  0%| F|  |TAMS 0x000000008a000000, 0x000000008a000000| Untracked 
| 161|0x000000008a100000, 0x000000008a100000, 0x000000008a200000|  0%| F|  |TAMS 0x000000008a100000, 0x000000008a100000| Untracked 
| 162|0x000000008a200000, 0x000000008a200000, 0x000000008a300000|  0%| F|  |TAMS 0x000000008a200000, 0x000000008a200000| Untracked 
| 163|0x000000008a300000, 0x000000008a300000, 0x000000008a400000|  0%| F|  |TAMS 0x000000008a300000, 0x000000008a300000| Untracked 
| 164|0x000000008a400000, 0x000000008a400000, 0x000000008a500000|  0%| F|  |TAMS 0x000000008a400000, 0x000000008a400000| Untracked 
| 165|0x000000008a500000, 0x000000008a500000, 0x000000008a600000|  0%| F|  |TAMS 0x000000008a500000, 0x000000008a500000| Untracked 
| 166|0x000000008a600000, 0x000000008a600000, 0x000000008a700000|  0%| F|  |TAMS 0x000000008a600000, 0x000000008a600000| Untracked 
| 167|0x000000008a700000, 0x000000008a700000, 0x000000008a800000|  0%| F|  |TAMS 0x000000008a700000, 0x000000008a700000| Untracked 
| 168|0x000000008a800000, 0x000000008a800000, 0x000000008a900000|  0%| F|  |TAMS 0x000000008a800000, 0x000000008a800000| Untracked 
| 169|0x000000008a900000, 0x000000008a900000, 0x000000008aa00000|  0%| F|  |TAMS 0x000000008a900000, 0x000000008a900000| Untracked 
| 170|0x000000008aa00000, 0x000000008ab00000, 0x000000008ab00000|100%| E|  |TAMS 0x000000008aa00000, 0x000000008aa00000| Complete 
| 171|0x000000008ab00000, 0x000000008ac00000, 0x000000008ac00000|100%| E|CS|TAMS 0x000000008ab00000, 0x000000008ab00000| Complete 

Card table byte_map: [0x00000157d53d0000,0x00000157d57d0000] _byte_map_base: 0x00000157d4fd0000

Marking Bits (Prev, Next): (CMBitMap*) 0x00000157be1c9620, (CMBitMap*) 0x00000157be1c9660
 Prev Bits: [0x00000157d5bd0000, 0x00000157d7bd0000)
 Next Bits: [0x00000157d7bd0000, 0x00000157d9bd0000)

Polling page: 0x00000157bc120000

Metaspace:

Usage:
  Non-class:     56.42 MB used.
      Class:      9.33 MB used.
       Both:     65.75 MB used.

Virtual space:
  Non-class space:       64.00 MB reserved,      56.81 MB ( 89%) committed,  1 nodes.
      Class space:      416.00 MB reserved,       9.75 MB (  2%) committed,  1 nodes.
             Both:      480.00 MB reserved,      66.56 MB ( 14%) committed. 

Chunk freelists:
   Non-Class:  6.59 MB
       Class:  6.28 MB
        Both:  12.88 MB

MaxMetaspaceSize: 512.00 MB
CompressedClassSpaceSize: 416.00 MB
Initial GC threshold: 21.00 MB
Current GC threshold: 95.25 MB
CDS: on
MetaspaceReclaimPolicy: balanced
 - commit_granule_bytes: 65536.
 - commit_granule_words: 8192.
 - virtual_space_node_default_size: 8388608.
 - enlarge_chunks_in_place: 1.
 - new_chunks_are_fully_committed: 0.
 - uncommit_free_chunks: 1.
 - use_allocation_guard: 0.
 - handle_deallocations: 1.


Internal statistics:

num_allocs_failed_limit: 6.
num_arena_births: 1030.
num_arena_deaths: 0.
num_vsnodes_births: 2.
num_vsnodes_deaths: 0.
num_space_committed: 1065.
num_space_uncommitted: 0.
num_chunks_returned_to_freelist: 6.
num_chunks_taken_from_freelist: 3962.
num_chunk_merges: 6.
num_chunk_splits: 2525.
num_chunks_enlarged: 1580.
num_inconsistent_stats: 0.

CodeHeap 'non-profiled nmethods': size=120000Kb used=4204Kb max_used=4204Kb free=115795Kb
 bounds [0x00000157cd770000, 0x00000157cdb90000, 0x00000157d4ca0000]
CodeHeap 'profiled nmethods': size=120000Kb used=14662Kb max_used=14662Kb free=105338Kb
 bounds [0x00000157c5ca0000, 0x00000157c6b00000, 0x00000157cd1d0000]
CodeHeap 'non-nmethods': size=5760Kb used=2374Kb max_used=2471Kb free=3385Kb
 bounds [0x00000157cd1d0000, 0x00000157cd460000, 0x00000157cd770000]
 total_blobs=8418 nmethods=7515 adapters=815
 compilation: enabled
              stopped_count=0, restarted_count=0
 full_count=0

Compilation events (20 events):
Event: 10.992 Thread 0x00000157dc60e9c0 8278       1       org.gradle.internal.graph.CachingDirectedGraphWalker$NodeDetails::access$300 (5 bytes)
Event: 10.992 Thread 0x00000157dc60e9c0 nmethod 8278 0x00000157cdb8a710 code [0x00000157cdb8a8a0, 0x00000157cdb8a958]
Event: 10.992 Thread 0x00000157dc60e9c0 8279       1       org.gradle.internal.graph.CachingDirectedGraphWalker$NodeDetails::access$500 (5 bytes)
Event: 10.992 Thread 0x00000157dc60e9c0 nmethod 8279 0x00000157cdb8aa10 code [0x00000157cdb8aba0, 0x00000157cdb8ac58]
Event: 10.992 Thread 0x00000157dc60e9c0 8280       1       org.gradle.internal.graph.CachingDirectedGraphWalker$NodeDetails::access$200 (5 bytes)
Event: 10.992 Thread 0x00000157dc60e9c0 nmethod 8280 0x00000157cdb8ad10 code [0x00000157cdb8aea0, 0x00000157cdb8af58]
Event: 11.008 Thread 0x00000157dc60e9c0 8281       3       com.google.common.collect.MapMakerInternalMap$WeakValueReferenceImpl::copyFor (14 bytes)
Event: 11.008 Thread 0x00000157dc60e9c0 nmethod 8281 0x00000157c6ae6d10 code [0x00000157c6ae6ee0, 0x00000157c6ae73f8]
Event: 11.011 Thread 0x00000157dc60e9c0 8282       3       org.gradle.internal.reflect.ClassInspector::visitGraph (98 bytes)
Event: 11.013 Thread 0x00000157dc60e9c0 nmethod 8282 0x00000157c6ae7590 code [0x00000157c6ae78c0, 0x00000157c6ae8d68]
Event: 11.026 Thread 0x00000157dc60e9c0 8287       3       java.lang.Character::isLowerCase (5 bytes)
Event: 11.026 Thread 0x00000157dc60e9c0 nmethod 8287 0x00000157c6ae9510 code [0x00000157c6ae96c0, 0x00000157c6ae9918]
Event: 11.026 Thread 0x00000157dc60e9c0 8288       3       java.lang.Character::isLowerCase (9 bytes)
Event: 11.026 Thread 0x00000157dc60e9c0 nmethod 8288 0x00000157c6ae9a10 code [0x00000157c6ae9bc0, 0x00000157c6ae9db8]
Event: 11.026 Thread 0x00000157dc60e9c0 8289       3       org.gradle.model.internal.asm.ClassVisitorScope::addField (11 bytes)
Event: 11.026 Thread 0x00000157dc60e9c0 nmethod 8289 0x00000157c6ae9e90 code [0x00000157c6aea060, 0x00000157c6aea418]
Event: 11.027 Thread 0x00000157dc60e9c0 8290       3       org.gradle.internal.instantiation.generator.AbstractClassGenerator$PropertyMetadata::getGenericType (34 bytes)
Event: 11.028 Thread 0x00000157dc60e9c0 nmethod 8290 0x00000157c6aea590 code [0x00000157c6aea7e0, 0x00000157c6aeb388]
Event: 11.052 Thread 0x00000157dc60e9c0 8291       1       org.gradle.api.internal.AbstractTask::getState (5 bytes)
Event: 11.052 Thread 0x00000157dc60e9c0 nmethod 8291 0x00000157cdb8b010 code [0x00000157cdb8b1a0, 0x00000157cdb8b278]

GC Heap History (20 events):
Event: 8.261 GC heap before
{Heap before GC invocations=15 (full 0):
 garbage-first heap   total 89088K, used 71391K [0x0000000080000000, 0x0000000100000000)
  region size 1024K, 35 young (35840K), 4 survivors (4096K)
 Metaspace       used 53013K, committed 53632K, reserved 491520K
  class space    used 7461K, committed 7744K, reserved 425984K
}
Event: 8.268 GC heap after
{Heap after GC invocations=16 (full 0):
 garbage-first heap   total 89088K, used 44791K [0x0000000080000000, 0x0000000100000000)
  region size 1024K, 5 young (5120K), 5 survivors (5120K)
 Metaspace       used 53013K, committed 53632K, reserved 491520K
  class space    used 7461K, committed 7744K, reserved 425984K
}
Event: 8.343 GC heap before
{Heap before GC invocations=16 (full 0):
 garbage-first heap   total 89088K, used 49911K [0x0000000080000000, 0x0000000100000000)
  region size 1024K, 11 young (11264K), 5 survivors (5120K)
 Metaspace       used 53490K, committed 54080K, reserved 491520K
  class space    used 7519K, committed 7808K, reserved 425984K
}
Event: 8.347 GC heap after
{Heap after GC invocations=17 (full 0):
 garbage-first heap   total 107520K, used 45768K [0x0000000080000000, 0x0000000100000000)
  region size 1024K, 1 young (1024K), 1 survivors (1024K)
 Metaspace       used 53490K, committed 54080K, reserved 491520K
  class space    used 7519K, committed 7808K, reserved 425984K
}
Event: 8.361 GC heap before
{Heap before GC invocations=17 (full 0):
 garbage-first heap   total 107520K, used 47816K [0x0000000080000000, 0x0000000100000000)
  region size 1024K, 2 young (2048K), 1 survivors (1024K)
 Metaspace       used 53490K, committed 54080K, reserved 491520K
  class space    used 7519K, committed 7808K, reserved 425984K
}
Event: 8.362 GC heap after
{Heap after GC invocations=18 (full 0):
 garbage-first heap   total 107520K, used 47768K [0x0000000080000000, 0x0000000100000000)
  region size 1024K, 1 young (1024K), 1 survivors (1024K)
 Metaspace       used 53490K, committed 54080K, reserved 491520K
  class space    used 7519K, committed 7808K, reserved 425984K
}
Event: 8.422 GC heap before
{Heap before GC invocations=18 (full 0):
 garbage-first heap   total 107520K, used 52888K [0x0000000080000000, 0x0000000100000000)
  region size 1024K, 4 young (4096K), 1 survivors (1024K)
 Metaspace       used 53579K, committed 54144K, reserved 491520K
  class space    used 7535K, committed 7808K, reserved 425984K
}
Event: 8.423 GC heap after
{Heap after GC invocations=19 (full 0):
 garbage-first heap   total 107520K, used 51644K [0x0000000080000000, 0x0000000100000000)
  region size 1024K, 2 young (2048K), 2 survivors (2048K)
 Metaspace       used 53579K, committed 54144K, reserved 491520K
  class space    used 7535K, committed 7808K, reserved 425984K
}
Event: 8.771 GC heap before
{Heap before GC invocations=20 (full 0):
 garbage-first heap   total 107520K, used 76220K [0x0000000080000000, 0x0000000100000000)
  region size 1024K, 24 young (24576K), 2 survivors (2048K)
 Metaspace       used 55937K, committed 56640K, reserved 491520K
  class space    used 7848K, committed 8192K, reserved 425984K
}
Event: 8.773 GC heap after
{Heap after GC invocations=21 (full 0):
 garbage-first heap   total 107520K, used 54844K [0x0000000080000000, 0x0000000100000000)
  region size 1024K, 3 young (3072K), 3 survivors (3072K)
 Metaspace       used 55937K, committed 56640K, reserved 491520K
  class space    used 7848K, committed 8192K, reserved 425984K
}
Event: 8.801 GC heap before
{Heap before GC invocations=21 (full 0):
 garbage-first heap   total 107520K, used 56892K [0x0000000080000000, 0x0000000100000000)
  region size 1024K, 5 young (5120K), 3 survivors (3072K)
 Metaspace       used 56078K, committed 56768K, reserved 491520K
  class space    used 7877K, committed 8192K, reserved 425984K
}
Event: 8.803 GC heap after
{Heap after GC invocations=22 (full 0):
 garbage-first heap   total 107520K, used 54405K [0x0000000080000000, 0x0000000100000000)
  region size 1024K, 1 young (1024K), 1 survivors (1024K)
 Metaspace       used 56078K, committed 56768K, reserved 491520K
  class space    used 7877K, committed 8192K, reserved 425984K
}
Event: 9.063 GC heap before
{Heap before GC invocations=22 (full 0):
 garbage-first heap   total 107520K, used 76933K [0x0000000080000000, 0x0000000100000000)
  region size 1024K, 23 young (23552K), 1 survivors (1024K)
 Metaspace       used 57664K, committed 58368K, reserved 491520K
  class space    used 8113K, committed 8448K, reserved 425984K
}
Event: 9.065 GC heap after
{Heap after GC invocations=23 (full 0):
 garbage-first heap   total 107520K, used 55268K [0x0000000080000000, 0x0000000100000000)
  region size 1024K, 2 young (2048K), 2 survivors (2048K)
 Metaspace       used 57664K, committed 58368K, reserved 491520K
  class space    used 8113K, committed 8448K, reserved 425984K
}
Event: 9.274 GC heap before
{Heap before GC invocations=24 (full 0):
 garbage-first heap   total 107520K, used 78820K [0x0000000080000000, 0x0000000100000000)
  region size 1024K, 25 young (25600K), 2 survivors (2048K)
 Metaspace       used 59255K, committed 59904K, reserved 491520K
  class space    used 8348K, committed 8640K, reserved 425984K
}
Event: 9.277 GC heap after
{Heap after GC invocations=25 (full 0):
 garbage-first heap   total 107520K, used 55798K [0x0000000080000000, 0x0000000100000000)
  region size 1024K, 2 young (2048K), 2 survivors (2048K)
 Metaspace       used 59255K, committed 59904K, reserved 491520K
  class space    used 8348K, committed 8640K, reserved 425984K
}
Event: 9.319 GC heap before
{Heap before GC invocations=25 (full 0):
 garbage-first heap   total 107520K, used 58870K [0x0000000080000000, 0x0000000100000000)
  region size 1024K, 5 young (5120K), 2 survivors (2048K)
 Metaspace       used 59687K, committed 60352K, reserved 491520K
  class space    used 8416K, committed 8704K, reserved 425984K
}
Event: 9.322 GC heap after
{Heap after GC invocations=26 (full 0):
 garbage-first heap   total 176128K, used 55612K [0x0000000080000000, 0x0000000100000000)
  region size 1024K, 1 young (1024K), 1 survivors (1024K)
 Metaspace       used 59687K, committed 60352K, reserved 491520K
  class space    used 8416K, committed 8704K, reserved 425984K
}
Event: 10.086 GC heap before
{Heap before GC invocations=26 (full 0):
 garbage-first heap   total 176128K, used 125244K [0x0000000080000000, 0x0000000100000000)
  region size 1024K, 66 young (67584K), 1 survivors (1024K)
 Metaspace       used 63602K, committed 64256K, reserved 491520K
  class space    used 9048K, committed 9344K, reserved 425984K
}
Event: 10.090 GC heap after
{Heap after GC invocations=27 (full 0):
 garbage-first heap   total 176128K, used 62383K [0x0000000080000000, 0x0000000100000000)
  region size 1024K, 4 young (4096K), 4 survivors (4096K)
 Metaspace       used 63602K, committed 64256K, reserved 491520K
  class space    used 9048K, committed 9344K, reserved 425984K
}

Dll operation events (16 events):
Event: 0.014 Loaded shared library C:\Program Files\Microsoft\jdk-17.0.14.7-hotspot\bin\java.dll
Event: 0.033 Loaded shared library C:\Program Files\Microsoft\jdk-17.0.14.7-hotspot\bin\jsvml.dll
Event: 0.081 Loaded shared library C:\Program Files\Microsoft\jdk-17.0.14.7-hotspot\bin\zip.dll
Event: 0.085 Loaded shared library C:\Program Files\Microsoft\jdk-17.0.14.7-hotspot\bin\instrument.dll
Event: 0.090 Loaded shared library C:\Program Files\Microsoft\jdk-17.0.14.7-hotspot\bin\net.dll
Event: 0.091 Loaded shared library C:\Program Files\Microsoft\jdk-17.0.14.7-hotspot\bin\nio.dll
Event: 0.093 Loaded shared library C:\Program Files\Microsoft\jdk-17.0.14.7-hotspot\bin\zip.dll
Event: 0.333 Loaded shared library C:\Program Files\Microsoft\jdk-17.0.14.7-hotspot\bin\jimage.dll
Event: 0.493 Loaded shared library C:\Program Files\Microsoft\jdk-17.0.14.7-hotspot\bin\verify.dll
Event: 0.618 Loaded shared library C:\Users\arjun\.gradle\native\1def1411415f61bf3af743bc5b6707747c0891f09f0c88961ee8f79bc544acac\windows-amd64\native-platform.dll
Event: 0.629 Loaded shared library C:\Users\arjun\.gradle\native\0.2.5\x86_64-windows-gnu\gradle-fileevents.dll
Event: 1.711 Loaded shared library C:\Program Files\Microsoft\jdk-17.0.14.7-hotspot\bin\management.dll
Event: 1.714 Loaded shared library C:\Program Files\Microsoft\jdk-17.0.14.7-hotspot\bin\management_ext.dll
Event: 1.885 Loaded shared library C:\Program Files\Microsoft\jdk-17.0.14.7-hotspot\bin\extnet.dll
Event: 2.063 Loaded shared library C:\Program Files\Microsoft\jdk-17.0.14.7-hotspot\bin\sunmscapi.dll
Event: 2.629 Loaded shared library C:\Users\arjun\AppData\Local\Temp\native-platform13729690816803845144dir\gradle-fileevents.dll

Deoptimization events (20 events):
Event: 10.863 Thread 0x00000157fd0f0f10 Uncommon trap: trap_request=0xffffff6e fr.pc=0x00000157cd78ed08 relative=0x0000000000000188
Event: 10.863 Thread 0x00000157fd0f0f10 Uncommon trap: reason=loop_limit_check action=maybe_recompile pc=0x00000157cd78ed08 method=java.lang.StringLatin1.lastIndexOf([BII)I @ 19 c2
Event: 10.863 Thread 0x00000157fd0f0f10 DEOPT PACKING pc=0x00000157cd78ed08 sp=0x0000003e3fcf80c0
Event: 10.863 Thread 0x00000157fd0f0f10 DEOPT UNPACKING pc=0x00000157cd2269a3 sp=0x0000003e3fcf8040 mode 2
Event: 10.878 Thread 0x00000157fd0f0f10 Uncommon trap: trap_request=0xffffffde fr.pc=0x00000157cdb6335c relative=0x0000000000000b5c
Event: 10.878 Thread 0x00000157fd0f0f10 Uncommon trap: reason=class_check action=maybe_recompile pc=0x00000157cdb6335c method=com.google.common.collect.Sets$1$1.computeNext()Ljava/lang/Object; @ 4 c2
Event: 10.878 Thread 0x00000157fd0f0f10 DEOPT PACKING pc=0x00000157cdb6335c sp=0x0000003e3fcf8c80
Event: 10.878 Thread 0x00000157fd0f0f10 DEOPT UNPACKING pc=0x00000157cd2269a3 sp=0x0000003e3fcf8bb0 mode 2
Event: 10.878 Thread 0x00000157fd0f0f10 Uncommon trap: trap_request=0xffffffde fr.pc=0x00000157cdb6335c relative=0x0000000000000b5c
Event: 10.878 Thread 0x00000157fd0f0f10 Uncommon trap: reason=class_check action=maybe_recompile pc=0x00000157cdb6335c method=com.google.common.collect.Sets$1$1.computeNext()Ljava/lang/Object; @ 4 c2
Event: 10.878 Thread 0x00000157fd0f0f10 DEOPT PACKING pc=0x00000157cdb6335c sp=0x0000003e3fcf8c80
Event: 10.878 Thread 0x00000157fd0f0f10 DEOPT UNPACKING pc=0x00000157cd2269a3 sp=0x0000003e3fcf8bb0 mode 2
Event: 10.878 Thread 0x00000157fd0f0f10 Uncommon trap: trap_request=0xffffffde fr.pc=0x00000157cdb6335c relative=0x0000000000000b5c
Event: 10.878 Thread 0x00000157fd0f0f10 Uncommon trap: reason=class_check action=maybe_recompile pc=0x00000157cdb6335c method=com.google.common.collect.Sets$1$1.computeNext()Ljava/lang/Object; @ 4 c2
Event: 10.878 Thread 0x00000157fd0f0f10 DEOPT PACKING pc=0x00000157cdb6335c sp=0x0000003e3fcf8c80
Event: 10.878 Thread 0x00000157fd0f0f10 DEOPT UNPACKING pc=0x00000157cd2269a3 sp=0x0000003e3fcf8bb0 mode 2
Event: 10.878 Thread 0x00000157fd0f0f10 Uncommon trap: trap_request=0xffffffde fr.pc=0x00000157cdb6335c relative=0x0000000000000b5c
Event: 10.878 Thread 0x00000157fd0f0f10 Uncommon trap: reason=class_check action=maybe_recompile pc=0x00000157cdb6335c method=com.google.common.collect.Sets$1$1.computeNext()Ljava/lang/Object; @ 4 c2
Event: 10.878 Thread 0x00000157fd0f0f10 DEOPT PACKING pc=0x00000157cdb6335c sp=0x0000003e3fcf8c80
Event: 10.878 Thread 0x00000157fd0f0f10 DEOPT UNPACKING pc=0x00000157cd2269a3 sp=0x0000003e3fcf8bb0 mode 2

Classes loaded (20 events):
Event: 9.306 Loading class com/sun/org/apache/xerces/internal/utils/XMLSecurityManager$NameMap
Event: 9.306 Loading class com/sun/org/apache/xerces/internal/utils/XMLSecurityManager$NameMap done
Event: 9.306 Loading class com/sun/org/apache/xerces/internal/utils/XMLSecurityPropertyManager
Event: 9.307 Loading class com/sun/org/apache/xerces/internal/utils/XMLSecurityPropertyManager done
Event: 9.307 Loading class com/sun/org/apache/xerces/internal/utils/XMLSecurityPropertyManager$State
Event: 9.307 Loading class com/sun/org/apache/xerces/internal/utils/XMLSecurityPropertyManager$State done
Event: 9.307 Loading class com/sun/org/apache/xerces/internal/utils/XMLSecurityPropertyManager$Property
Event: 9.307 Loading class com/sun/org/apache/xerces/internal/utils/XMLSecurityPropertyManager$Property done
Event: 9.331 Loading class java/util/regex/Pattern$SliceI
Event: 9.331 Loading class java/util/regex/Pattern$SliceI done
Event: 10.751 Loading class java/lang/AbstractMethodError
Event: 10.752 Loading class java/lang/AbstractMethodError done
Event: 10.776 Loading class jdk/internal/access/foreign/MemorySegmentProxy
Event: 10.777 Loading class jdk/internal/access/foreign/MemorySegmentProxy done
Event: 10.840 Loading class java/util/stream/ReduceOps$5
Event: 10.840 Loading class java/util/stream/ReduceOps$5 done
Event: 10.840 Loading class java/util/stream/ReduceOps$CountingSink$OfRef
Event: 10.840 Loading class java/util/stream/ReduceOps$CountingSink
Event: 10.840 Loading class java/util/stream/ReduceOps$CountingSink done
Event: 10.840 Loading class java/util/stream/ReduceOps$CountingSink$OfRef done

Classes unloaded (0 events):
No events

Classes redefined (0 events):
No events

Internal exceptions (20 events):
Event: 8.593 Thread 0x00000157fd0f0f10 Exception <a 'java/lang/NoSuchMethodError'{0x0000000085bc3498}: static Lorg/jetbrains/kotlin/gradle/plugin/internal/DefaultConfigurationCacheStartParameterAccessorVariantFactory;.<clinit>()V> (0x0000000085bc3498) 
thrown [s\src\hotspot\share\prims\jni.cpp, line 1112]
Event: 8.594 Thread 0x00000157fd0f0f10 Exception <a 'java/lang/NoSuchMethodError'{0x0000000085be8c48}: static Lorg/jetbrains/kotlin/gradle/plugin/internal/MavenPluginConfigurator$DefaultMavenPluginConfiguratorVariantFactory;.<clinit>()V> (0x0000000085be8c48) 
thrown [s\src\hotspot\share\prims\jni.cpp, line 1112]
Event: 8.595 Thread 0x00000157fd0f0f10 Exception <a 'java/lang/NoSuchMethodError'{0x0000000085a0d4c0}: static Lorg/jetbrains/kotlin/gradle/targets/js/nodejs/DefaultUnameExecutorVariantFactory;.<clinit>()V> (0x0000000085a0d4c0) 
thrown [s\src\hotspot\share\prims\jni.cpp, line 1112]
Event: 8.597 Thread 0x00000157fd0f0f10 Exception <a 'java/lang/NoSuchMethodError'{0x0000000085a32308}: static Lorg/jetbrains/kotlin/gradle/plugin/internal/DefaultBasePluginConfigurationVariantFactory;.<clinit>()V> (0x0000000085a32308) 
thrown [s\src\hotspot\share\prims\jni.cpp, line 1112]
Event: 8.598 Thread 0x00000157fd0f0f10 Exception <a 'java/lang/NoSuchMethodError'{0x0000000085a577d8}: static Lorg/jetbrains/kotlin/gradle/plugin/internal/DefaultAttributeConfigurationHelperVariantFactory;.<clinit>()V> (0x0000000085a577d8) 
thrown [s\src\hotspot\share\prims\jni.cpp, line 1112]
Event: 8.671 Thread 0x00000157fd0f0f10 Exception <a 'java/lang/IncompatibleClassChangeError'{0x00000000856de698}: Found class java.lang.Object, but interface was expected> (0x00000000856de698) 
thrown [s\src\hotspot\share\interpreter\linkResolver.cpp, line 826]
Event: 9.360 Thread 0x00000157fd0f0f10 Exception <a 'java/lang/NoSuchMethodError'{0x000000008a8c2858}: 'void java.lang.invoke.DirectMethodHandle$Holder.invokeVirtual(java.lang.Object, java.lang.Object)'> (0x000000008a8c2858) 
thrown [s\src\hotspot\share\interpreter\linkResolver.cpp, line 759]
Event: 9.738 Thread 0x00000157fd0f0f10 Exception <a 'java/lang/NoSuchMethodError'{0x000000008856ea88}: static Lorg/jetbrains/kotlin/gradle/plugin/internal/DefaultIdeaSyncDetector$createIdeaPropertiesEvaluator$1;.<clinit>()V> (0x000000008856ea88) 
thrown [s\src\hotspot\share\prims\jni.cpp, line 1112]
Event: 9.836 Thread 0x00000157fd0f0f10 Exception <a 'java/lang/ClassNotFoundException'{0x0000000087eedcf0}: org/jetbrains/kotlin/gradle/targets/js/npm/DefaultNpmDependencyExtensionBeanInfo> (0x0000000087eedcf0) 
thrown [s\src\hotspot\share\classfile\systemDictionary.cpp, line 256]
Event: 9.836 Thread 0x00000157fd0f0f10 Exception <a 'java/lang/ClassNotFoundException'{0x0000000087d02730}: org/jetbrains/kotlin/gradle/targets/js/npm/DefaultNpmDependencyExtensionCustomizer> (0x0000000087d02730) 
thrown [s\src\hotspot\share\classfile\systemDictionary.cpp, line 256]
Event: 9.843 Thread 0x00000157fd0f0f10 Exception <a 'java/lang/ClassNotFoundException'{0x0000000087db60b8}: org/jetbrains/kotlin/gradle/targets/js/npm/NpmDependencyExtensionKt$defaultNpmDependencyDelegate$1BeanInfo> (0x0000000087db60b8) 
thrown [s\src\hotspot\share\classfile\systemDictionary.cpp, line 256]
Event: 9.843 Thread 0x00000157fd0f0f10 Exception <a 'java/lang/ClassNotFoundException'{0x0000000087dca8f8}: org/jetbrains/kotlin/gradle/targets/js/npm/NpmDependencyExtensionDelegateBeanInfo> (0x0000000087dca8f8) 
thrown [s\src\hotspot\share\classfile\systemDictionary.cpp, line 256]
Event: 9.844 Thread 0x00000157fd0f0f10 Exception <a 'java/lang/ClassNotFoundException'{0x0000000087ddf138}: org/jetbrains/kotlin/gradle/targets/js/npm/NpmDependencyExtensionDelegateCustomizer> (0x0000000087ddf138) 
thrown [s\src\hotspot\share\classfile\systemDictionary.cpp, line 256]
Event: 9.845 Thread 0x00000157fd0f0f10 Exception <a 'java/lang/ClassNotFoundException'{0x0000000087c1b290}: org/jetbrains/kotlin/gradle/targets/js/npm/NpmDependencyExtensionKt$defaultNpmDependencyDelegate$1Customizer> (0x0000000087c1b290) 
thrown [s\src\hotspot\share\classfile\systemDictionary.cpp, line 256]
Event: 9.849 Thread 0x00000157fd0f0f10 Exception <a 'java/lang/ClassNotFoundException'{0x0000000087c6d948}: org/jetbrains/kotlin/gradle/targets/js/npm/DefaultDevNpmDependencyExtensionBeanInfo> (0x0000000087c6d948) 
thrown [s\src\hotspot\share\classfile\systemDictionary.cpp, line 256]
Event: 9.850 Thread 0x00000157fd0f0f10 Exception <a 'java/lang/ClassNotFoundException'{0x0000000087c82418}: org/jetbrains/kotlin/gradle/targets/js/npm/DefaultDevNpmDependencyExtensionCustomizer> (0x0000000087c82418) 
thrown [s\src\hotspot\share\classfile\systemDictionary.cpp, line 256]
Event: 9.854 Thread 0x00000157fd0f0f10 Exception <a 'java/lang/ClassNotFoundException'{0x0000000087cddef8}: org/jetbrains/kotlin/gradle/targets/js/npm/DefaultPeerNpmDependencyExtensionBeanInfo> (0x0000000087cddef8) 
thrown [s\src\hotspot\share\classfile\systemDictionary.cpp, line 256]
Event: 9.855 Thread 0x00000157fd0f0f10 Exception <a 'java/lang/ClassNotFoundException'{0x0000000087cf2758}: org/jetbrains/kotlin/gradle/targets/js/npm/DefaultPeerNpmDependencyExtensionCustomizer> (0x0000000087cf2758) 
thrown [s\src\hotspot\share\classfile\systemDictionary.cpp, line 256]
Event: 9.858 Thread 0x00000157fd0f0f10 Exception <a 'java/lang/ClassNotFoundException'{0x0000000087b5b468}: org/jetbrains/kotlin/gradle/targets/js/npm/DefaultPeerNpmDependencyExtension$delegate$1BeanInfo> (0x0000000087b5b468) 
thrown [s\src\hotspot\share\classfile\systemDictionary.cpp, line 256]
Event: 9.859 Thread 0x00000157fd0f0f10 Exception <a 'java/lang/ClassNotFoundException'{0x0000000087b6fe98}: org/jetbrains/kotlin/gradle/targets/js/npm/DefaultPeerNpmDependencyExtension$delegate$1Customizer> (0x0000000087b6fe98) 
thrown [s\src\hotspot\share\classfile\systemDictionary.cpp, line 256]

VM Operations (20 events):
Event: 9.098 Executing VM operation: G1PauseRemark
Event: 9.100 Executing VM operation: G1PauseRemark done
Event: 9.117 Executing VM operation: G1PauseCleanup
Event: 9.117 Executing VM operation: G1PauseCleanup done
Event: 9.274 Executing VM operation: G1CollectForAllocation
Event: 9.277 Executing VM operation: G1CollectForAllocation done
Event: 9.310 Executing VM operation: HandshakeAllThreads
Event: 9.310 Executing VM operation: HandshakeAllThreads done
Event: 9.319 Executing VM operation: G1CollectForAllocation
Event: 9.322 Executing VM operation: G1CollectForAllocation done
Event: 10.005 Executing VM operation: ICBufferFull
Event: 10.006 Executing VM operation: ICBufferFull done
Event: 10.086 Executing VM operation: G1CollectForAllocation
Event: 10.090 Executing VM operation: G1CollectForAllocation done
Event: 10.509 Executing VM operation: ICBufferFull
Event: 10.509 Executing VM operation: ICBufferFull done
Event: 10.696 Executing VM operation: ICBufferFull
Event: 10.696 Executing VM operation: ICBufferFull done
Event: 10.929 Executing VM operation: ICBufferFull
Event: 10.929 Executing VM operation: ICBufferFull done

Memory protections (0 events):
No events

Nmethod flushes (20 events):
Event: 6.797 Thread 0x00000157dc60f3c0 flushing  nmethod 0x00000157c63bb890
Event: 6.797 Thread 0x00000157dc60f3c0 flushing  nmethod 0x00000157c63e0790
Event: 6.797 Thread 0x00000157dc60f3c0 flushing  nmethod 0x00000157c63e7c10
Event: 6.797 Thread 0x00000157dc60f3c0 flushing  nmethod 0x00000157c63ed110
Event: 6.797 Thread 0x00000157dc60f3c0 flushing  nmethod 0x00000157c63ed890
Event: 6.797 Thread 0x00000157dc60f3c0 flushing  nmethod 0x00000157c63eed10
Event: 6.797 Thread 0x00000157dc60f3c0 flushing  nmethod 0x00000157c63f2410
Event: 6.797 Thread 0x00000157dc60f3c0 flushing  nmethod 0x00000157c63f4410
Event: 6.797 Thread 0x00000157dc60f3c0 flushing  nmethod 0x00000157c63f7990
Event: 6.797 Thread 0x00000157dc60f3c0 flushing  nmethod 0x00000157c63f8690
Event: 6.797 Thread 0x00000157dc60f3c0 flushing  nmethod 0x00000157c63f9490
Event: 6.797 Thread 0x00000157dc60f3c0 flushing  nmethod 0x00000157c63f9b10
Event: 6.797 Thread 0x00000157dc60f3c0 flushing  nmethod 0x00000157c63fa010
Event: 6.797 Thread 0x00000157dc60f3c0 flushing  nmethod 0x00000157c63fb190
Event: 6.797 Thread 0x00000157dc60f3c0 flushing  nmethod 0x00000157c63fc210
Event: 6.797 Thread 0x00000157dc60f3c0 flushing  nmethod 0x00000157c6404f90
Event: 6.797 Thread 0x00000157dc60f3c0 flushing  nmethod 0x00000157c6438010
Event: 6.797 Thread 0x00000157dc60f3c0 flushing  nmethod 0x00000157c64a4e90
Event: 6.797 Thread 0x00000157dc60f3c0 flushing  nmethod 0x00000157c64c5d90
Event: 6.797 Thread 0x00000157dc60f3c0 flushing  nmethod 0x00000157c6573410

Events (20 events):
Event: 8.044 Thread 0x00000157fd0f0f10 Thread added: 0x0000015780cc9930
Event: 8.044 Thread 0x00000157fd0f0f10 Thread added: 0x0000015780ccbca0
Event: 8.055 Thread 0x00000157fd0f0f10 Thread added: 0x0000015780ccc6c0
Event: 8.056 Thread 0x00000157fd0f0f10 Thread added: 0x0000015780cc9e40
Event: 8.057 Thread 0x00000157fd0f0f10 Thread added: 0x0000015780ccb280
Event: 8.059 Thread 0x00000157fd0f0f10 Thread added: 0x0000015780ccc1b0
Event: 8.060 Thread 0x00000157fd0f0f10 Thread added: 0x0000015780cc9420
Event: 8.061 Thread 0x00000157fd0f0f10 Thread added: 0x0000015780cca350
Event: 8.063 Thread 0x00000157fd0f0f10 Thread added: 0x0000015780cc8f10
Event: 8.099 Thread 0x00000157fd0f0f10 Thread added: 0x0000015780ccad70
Event: 8.100 Thread 0x00000157fd0f0f10 Thread added: 0x0000015780466f70
Event: 8.100 Thread 0x00000157fd0f0f10 Thread added: 0x000001578046ac30
Event: 8.101 Thread 0x00000157fd0f0f10 Thread added: 0x000001578046a210
Event: 8.101 Thread 0x00000157fd0f0f10 Thread added: 0x00000157804688c0
Event: 8.102 Thread 0x00000157fd0f0f10 Thread added: 0x00000157804692e0
Event: 8.102 Thread 0x00000157fd0f0f10 Thread added: 0x0000015780467990
Event: 8.796 Thread 0x00000157fd0f0f10 Thread added: 0x00000157804683b0
Event: 9.205 Thread 0x00000157dca01760 Thread exited: 0x00000157dca01760
Event: 9.348 Thread 0x00000157fd0f0f10 Thread added: 0x0000015780467480
Event: 9.499 Thread 0x00000157dc60e9c0 Thread added: 0x0000015781108be0


Dynamic libraries:
0x00007ff649670000 - 0x00007ff64967e000 	C:\Program Files\Microsoft\jdk-17.0.14.7-hotspot\bin\java.exe
0x00007fffd2030000 - 0x00007fffd2247000 	C:\WINDOWS\SYSTEM32\ntdll.dll
0x00007fffd07e0000 - 0x00007fffd08a4000 	C:\WINDOWS\System32\KERNEL32.DLL
0x00007fffcf680000 - 0x00007fffcfa39000 	C:\WINDOWS\System32\KERNELBASE.dll
0x00007fffcfaf0000 - 0x00007fffcfc01000 	C:\WINDOWS\System32\ucrtbase.dll
0x00007fffb1960000 - 0x00007fffb1977000 	C:\Program Files\Microsoft\jdk-17.0.14.7-hotspot\bin\jli.dll
0x00007fffa0740000 - 0x00007fffa075d000 	C:\Program Files\Microsoft\jdk-17.0.14.7-hotspot\bin\VCRUNTIME140.dll
0x00007fffd0260000 - 0x00007fffd040e000 	C:\WINDOWS\System32\USER32.dll
0x00007fffcfa40000 - 0x00007fffcfa66000 	C:\WINDOWS\System32\win32u.dll
0x00007fffcfe00000 - 0x00007fffcfe29000 	C:\WINDOWS\System32\GDI32.dll
0x00007fffb8070000 - 0x00007fffb8302000 	C:\WINDOWS\WinSxS\amd64_microsoft.windows.common-controls_6595b64144ccf1df_6.0.22621.4391_none_2715d37f73803e96\COMCTL32.dll
0x00007fffcf560000 - 0x00007fffcf67b000 	C:\WINDOWS\System32\gdi32full.dll
0x00007fffcfe30000 - 0x00007fffcfed7000 	C:\WINDOWS\System32\msvcrt.dll
0x00007fffcfcb0000 - 0x00007fffcfd4a000 	C:\WINDOWS\System32\msvcp_win.dll
0x00007fffd0480000 - 0x00007fffd04b1000 	C:\WINDOWS\System32\IMM32.DLL
0x00007fffb1aa0000 - 0x00007fffb1aac000 	C:\Program Files\Microsoft\jdk-17.0.14.7-hotspot\bin\vcruntime140_1.dll
0x00007fff72f20000 - 0x00007fff72fad000 	C:\Program Files\Microsoft\jdk-17.0.14.7-hotspot\bin\msvcp140.dll
0x00007fff53c20000 - 0x00007fff54892000 	C:\Program Files\Microsoft\jdk-17.0.14.7-hotspot\bin\server\jvm.dll
0x00007fffd01a0000 - 0x00007fffd0252000 	C:\WINDOWS\System32\ADVAPI32.dll
0x00007fffd1ec0000 - 0x00007fffd1f67000 	C:\WINDOWS\System32\sechost.dll
0x00007fffcfc80000 - 0x00007fffcfca8000 	C:\WINDOWS\System32\bcrypt.dll
0x00007fffd0080000 - 0x00007fffd0194000 	C:\WINDOWS\System32\RPCRT4.dll
0x00007fffd0680000 - 0x00007fffd06f1000 	C:\WINDOWS\System32\WS2_32.dll
0x00007fffce1c0000 - 0x00007fffce20d000 	C:\WINDOWS\SYSTEM32\POWRPROF.dll
0x00007fffc5cd0000 - 0x00007fffc5cda000 	C:\WINDOWS\SYSTEM32\VERSION.dll
0x00007fffba9f0000 - 0x00007fffbaa24000 	C:\WINDOWS\SYSTEM32\WINMM.dll
0x00007fffce1a0000 - 0x00007fffce1b3000 	C:\WINDOWS\SYSTEM32\UMPDC.dll
0x00007fffce460000 - 0x00007fffce478000 	C:\WINDOWS\SYSTEM32\kernel.appcore.dll
0x00007fffa15e0000 - 0x00007fffa15ea000 	C:\Program Files\Microsoft\jdk-17.0.14.7-hotspot\bin\jimage.dll
0x00007fffcca90000 - 0x00007fffcccc2000 	C:\WINDOWS\SYSTEM32\DBGHELP.DLL
0x00007fffd16a0000 - 0x00007fffd1a2f000 	C:\WINDOWS\System32\combase.dll
0x00007fffd0700000 - 0x00007fffd07d7000 	C:\WINDOWS\System32\OLEAUT32.dll
0x00007fffbd6f0000 - 0x00007fffbd722000 	C:\WINDOWS\SYSTEM32\dbgcore.DLL
0x00007fffcfa70000 - 0x00007fffcfaeb000 	C:\WINDOWS\System32\bcryptPrimitives.dll
0x00007fffbd5e0000 - 0x00007fffbd5ee000 	C:\Program Files\Microsoft\jdk-17.0.14.7-hotspot\bin\instrument.dll
0x00007fff9cba0000 - 0x00007fff9cbc5000 	C:\Program Files\Microsoft\jdk-17.0.14.7-hotspot\bin\java.dll
0x00007fff72e40000 - 0x00007fff72f17000 	C:\Program Files\Microsoft\jdk-17.0.14.7-hotspot\bin\jsvml.dll
0x00007fffd0e20000 - 0x00007fffd1696000 	C:\WINDOWS\System32\SHELL32.dll
0x00007fffcd280000 - 0x00007fffcdb83000 	C:\WINDOWS\SYSTEM32\windows.storage.dll
0x00007fffcd140000 - 0x00007fffcd27f000 	C:\WINDOWS\SYSTEM32\wintypes.dll
0x00007fffcff00000 - 0x00007fffcfff9000 	C:\WINDOWS\System32\SHCORE.dll
0x00007fffd0ab0000 - 0x00007fffd0b0e000 	C:\WINDOWS\System32\shlwapi.dll
0x00007fffcf260000 - 0x00007fffcf28b000 	C:\WINDOWS\SYSTEM32\profapi.dll
0x00007fff90fb0000 - 0x00007fff90fc8000 	C:\Program Files\Microsoft\jdk-17.0.14.7-hotspot\bin\zip.dll
0x00007fff9b8f0000 - 0x00007fff9b90a000 	C:\Program Files\Microsoft\jdk-17.0.14.7-hotspot\bin\net.dll
0x00007fffc8890000 - 0x00007fffc89c6000 	C:\WINDOWS\SYSTEM32\WINHTTP.dll
0x00007fffce8e0000 - 0x00007fffce949000 	C:\WINDOWS\system32\mswsock.dll
0x00007fff9a1f0000 - 0x00007fff9a206000 	C:\Program Files\Microsoft\jdk-17.0.14.7-hotspot\bin\nio.dll
0x00007fffa0ef0000 - 0x00007fffa0f00000 	C:\Program Files\Microsoft\jdk-17.0.14.7-hotspot\bin\verify.dll
0x00007fff83bd0000 - 0x00007fff83bf7000 	C:\Users\arjun\.gradle\native\1def1411415f61bf3af743bc5b6707747c0891f09f0c88961ee8f79bc544acac\windows-amd64\native-platform.dll
0x0000000073500000 - 0x0000000073573000 	C:\Users\arjun\.gradle\native\0.2.5\x86_64-windows-gnu\gradle-fileevents.dll
0x00007fffa0800000 - 0x00007fffa080a000 	C:\Program Files\Microsoft\jdk-17.0.14.7-hotspot\bin\management.dll
0x00007fff9f030000 - 0x00007fff9f03b000 	C:\Program Files\Microsoft\jdk-17.0.14.7-hotspot\bin\management_ext.dll
0x00007fffd1a30000 - 0x00007fffd1a38000 	C:\WINDOWS\System32\PSAPI.DLL
0x00007fffceb30000 - 0x00007fffceb4b000 	C:\WINDOWS\SYSTEM32\CRYPTSP.dll
0x00007fffce3c0000 - 0x00007fffce3f5000 	C:\WINDOWS\system32\rsaenh.dll
0x00007fffce9d0000 - 0x00007fffce9f8000 	C:\WINDOWS\SYSTEM32\USERENV.dll
0x00007fffceb50000 - 0x00007fffceb5c000 	C:\WINDOWS\SYSTEM32\CRYPTBASE.dll
0x00007fffcde60000 - 0x00007fffcde8d000 	C:\WINDOWS\SYSTEM32\IPHLPAPI.DLL
0x00007fffd0cb0000 - 0x00007fffd0cb9000 	C:\WINDOWS\System32\NSI.dll
0x00007fffc87c0000 - 0x00007fffc87d9000 	C:\WINDOWS\SYSTEM32\dhcpcsvc6.DLL
0x00007fffc8700000 - 0x00007fffc871f000 	C:\WINDOWS\SYSTEM32\dhcpcsvc.DLL
0x00007fffcded0000 - 0x00007fffcdfd2000 	C:\WINDOWS\SYSTEM32\DNSAPI.dll
0x00007fff9e7a0000 - 0x00007fff9e7a9000 	C:\Program Files\Microsoft\jdk-17.0.14.7-hotspot\bin\extnet.dll
0x00007fffbd4a0000 - 0x00007fffbd4ae000 	C:\Program Files\Microsoft\jdk-17.0.14.7-hotspot\bin\sunmscapi.dll
0x00007fffcf3f0000 - 0x00007fffcf556000 	C:\WINDOWS\System32\CRYPT32.dll
0x00007fffcecf0000 - 0x00007fffced1d000 	C:\WINDOWS\SYSTEM32\ncrypt.dll
0x00007fffcecb0000 - 0x00007fffcece7000 	C:\WINDOWS\SYSTEM32\NTASN1.dll
0x00007fffa7c60000 - 0x00007fffa7c68000 	C:\WINDOWS\system32\wshunix.dll
0x0000000073480000 - 0x00000000734f3000 	C:\Users\arjun\AppData\Local\Temp\native-platform13729690816803845144dir\gradle-fileevents.dll
0x00007fff853e0000 - 0x00007fff853f7000 	C:\WINDOWS\system32\napinsp.dll
0x00007fff810a0000 - 0x00007fff810bb000 	C:\WINDOWS\system32\pnrpnsp.dll
0x00007fff809c0000 - 0x00007fff809e7000 	C:\WINDOWS\system32\nlansp_c.dll
0x00007fff80a90000 - 0x00007fff80aa1000 	C:\WINDOWS\System32\winrnr.dll
0x00007fff8d960000 - 0x00007fff8d975000 	C:\WINDOWS\system32\wshbth.dll
0x00007fffc7fe0000 - 0x00007fffc7fea000 	C:\Windows\System32\rasadhlp.dll
0x00007fffc7ff0000 - 0x00007fffc8073000 	C:\WINDOWS\System32\fwpuclnt.dll

dbghelp: loaded successfully - version: 4.0.5 - missing functions: none
symbol engine: initialized successfully - sym options: 0x614 - pdb path: .;C:\Program Files\Microsoft\jdk-17.0.14.7-hotspot\bin;C:\WINDOWS\SYSTEM32;C:\WINDOWS\WinSxS\amd64_microsoft.windows.common-controls_6595b64144ccf1df_6.0.22621.4391_none_2715d37f73803e96;C:\Program Files\Microsoft\jdk-17.0.14.7-hotspot\bin\server;C:\Users\arjun\.gradle\native\1def1411415f61bf3af743bc5b6707747c0891f09f0c88961ee8f79bc544acac\windows-amd64;C:\Users\arjun\.gradle\native\0.2.5\x86_64-windows-gnu;C:\Users\arjun\AppData\Local\Temp\native-platform13729690816803845144dir

VM Arguments:
jvm_args: --add-opens=java.base/java.lang=ALL-UNNAMED --add-opens=java.base/java.lang.invoke=ALL-UNNAMED --add-opens=java.base/java.util=ALL-UNNAMED --add-opens=java.prefs/java.util.prefs=ALL-UNNAMED --add-exports=jdk.compiler/com.sun.tools.javac.api=ALL-UNNAMED --add-exports=jdk.compiler/com.sun.tools.javac.util=ALL-UNNAMED --add-opens=java.base/java.util=ALL-UNNAMED --add-opens=java.prefs/java.util.prefs=ALL-UNNAMED --add-opens=java.base/java.nio.charset=ALL-UNNAMED --add-opens=java.base/java.net=ALL-UNNAMED --add-opens=java.base/java.util.concurrent.atomic=ALL-UNNAMED --add-opens=java.xml/javax.xml.namespace=ALL-UNNAMED -XX:MaxMetaspaceSize=512m -Xmx2048m -Dfile.encoding=windows-1252 -Duser.country=IN -Duser.language=en -Duser.variant -javaagent:C:\Users\arjun\.gradle\wrapper\dists\gradle-8.12-all\ejduaidbjup3bmmkhw3rie4zb\gradle-8.12\lib\agents\gradle-instrumentation-agent-8.12.jar 
java_command: org.gradle.launcher.daemon.bootstrap.GradleDaemon 8.12
java_class_path (initial): C:\Users\arjun\.gradle\wrapper\dists\gradle-8.12-all\ejduaidbjup3bmmkhw3rie4zb\gradle-8.12\lib\gradle-daemon-main-8.12.jar
Launcher Type: SUN_STANDARD

[Global flags]
     intx CICompilerCount                          = 4                                         {product} {ergonomic}
   size_t CompressedClassSpaceSize                 = 436207616                                 {product} {ergonomic}
     uint ConcGCThreads                            = 2                                         {product} {ergonomic}
     uint G1ConcRefinementThreads                  = 8                                         {product} {ergonomic}
   size_t G1HeapRegionSize                         = 1048576                                   {product} {ergonomic}
    uintx GCDrainStackTargetSize                   = 64                                        {product} {ergonomic}
   size_t InitialHeapSize                          = 132120576                                 {product} {ergonomic}
   size_t MarkStackSize                            = 4194304                                   {product} {ergonomic}
   size_t MaxHeapSize                              = 2147483648                                {product} {command line}
   size_t MaxMetaspaceSize                         = 536870912                                 {product} {command line}
   size_t MaxNewSize                               = 1287651328                                {product} {ergonomic}
   size_t MinHeapDeltaBytes                        = 1048576                                   {product} {ergonomic}
   size_t MinHeapSize                              = 8388608                                   {product} {ergonomic}
    uintx NonNMethodCodeHeapSize                   = 5839372                                {pd product} {ergonomic}
    uintx NonProfiledCodeHeapSize                  = 122909434                              {pd product} {ergonomic}
    uintx ProfiledCodeHeapSize                     = 122909434                              {pd product} {ergonomic}
    uintx ReservedCodeCacheSize                    = 251658240                              {pd product} {ergonomic}
     bool SegmentedCodeCache                       = true                                      {product} {ergonomic}
   size_t SoftMaxHeapSize                          = 2147483648                             {manageable} {ergonomic}
     bool UseCompressedClassPointers               = true                           {product lp64_product} {ergonomic}
     bool UseCompressedOops                        = true                           {product lp64_product} {ergonomic}
     bool UseG1GC                                  = true                                      {product} {ergonomic}
     bool UseLargePagesIndividualAllocation        = false                                  {pd product} {ergonomic}

Logging:
Log output configuration:
 #0: stdout all=warning uptime,level,tags
 #1: stderr all=off uptime,level,tags

Environment Variables:
JAVA_HOME=C:\Program Files\Microsoft\jdk-17.0.14.7-hotspot\
CLASSPATH=D:\Shubham\TaskNavigator\android\\gradle\wrapper\gradle-wrapper.jar
PATH=D:\Shubham\TaskNavigator\node_modules\.bin;D:\Shubham\TaskNavigator\node_modules\.bin;D:\Shubham\node_modules\.bin;D:\node_modules\.bin;C:\Program Files\nodejs\node_modules\npm\node_modules\@npmcli\run-script\lib\node-gyp-bin;C:\Program Files\Microsoft\jdk-17.0.14.7-hotspot\bin;C:\Windows\system32;C:\Windows;C:\Windows\System32\Wbem;C:\Windows\System32\WindowsPowerShell\v1.0\;C:\Windows\System32\OpenSSH\;C:\Program Files (x86)\NVIDIA Corporation\PhysX\Common;C:\Program Files\NVIDIA Corporation\NVIDIA NvDLISR;C:\WINDOWS\system32;C:\WINDOWS;C:\WINDOWS\System32\Wbem;C:\WINDOWS\System32\WindowsPowerShell\v1.0\;C:\WINDOWS\System32\OpenSSH\;C:\ProgramData\chocolatey\bin;C:\Program Files\nodejs\;C:\Users\arjun\AppData\Local\Android\Sdk\platform-tools;C:\Program Files\Microsoft\jdk-17.0.14.7-hotspot\bin;C:\Windows\system32;C:\Windows;C:\Windows\System32\Wbem;C:\Windows\System32\WindowsPowerShell\v1.0\;C:\Windows\System32\OpenSSH\;C:\Program Files (x86)\NVIDIA Corporation\PhysX\Common;C:\Program Files\NVIDIA Corporation\NVIDIA NvDLISR;C:\WINDOWS\system32;C:\WINDOWS;C:\WINDOWS\System32\Wbem;C:\WINDOWS\System32\WindowsPowerShell\v1.0\;C:\WINDOWS\System32\OpenSSH\;C:\ProgramData\chocolatey\bin;C:\Program Files\nodejs\;C:\Users\arjun\AppData\Local\Microsoft\WindowsApps;C:\Users\arjun\AppData\Roaming\npm;C:\Users\arjun\AppData\Local\Programs\Microsoft VS Code\bin;C:\Program Files\android-sdk-windows\platform-tools;C:\Users\arjun\AppData\Local\Android\Sdk\platform-tools;
USERNAME=arjun
LANG=en_US.UTF-8
OS=Windows_NT
PROCESSOR_IDENTIFIER=Intel64 Family 6 Model 165 Stepping 2, GenuineIntel
TMP=C:\Users\arjun\AppData\Local\Temp
TEMP=C:\Users\arjun\AppData\Local\Temp



Periodic native trim disabled


---------------  S Y S T E M  ---------------

OS:
 Windows 11 , 64 bit Build 22621 (10.0.22621.4391)
OS uptime: 0 days 15:33 hours

CPU: total 8 (initial active 8) (4 cores per cpu, 2 threads per core) family 6 model 165 stepping 2 microcode 0xe0, cx8, cmov, fxsr, ht, mmx, 3dnowpref, sse, sse2, sse3, ssse3, sse4.1, sse4.2, popcnt, lzcnt, tsc, tscinvbit, avx, avx2, aes, erms, clmul, bmi1, bmi2, adx, fma, vzeroupper, clflush, clflushopt
Processor Information for the first 8 processors :
  Max Mhz: 2496, Current Mhz: 2496, Mhz Limit: 2496

Memory: 4k page, system-wide physical 7979M (437M free)
TotalPageFile size 32555M (AvailPageFile size 6M)
current process WorkingSet (physical memory assigned to process): 387M, peak: 388M
current process commit charge ("private bytes"): 429M, peak: 431M

vm_info: OpenJDK 64-Bit Server VM (17.0.14+7-LTS) for windows-amd64 JRE (17.0.14+7-LTS), built on Jan  8 2025 23:39:28 by "MicrosoftCorporation" with unknown MS VC++:1939

END.
